<?xml version="1.0" encoding="UTF-8"?>
<!-- Generated by org.testng.reporters.JUnitXMLReporter -->
<testsuite ignored="0" hostname="DELL" failures="0" tests="8" name="Test" time="107.106" errors="0" timestamp="2024-05-07T09:11:34 IST">
  <testcase classname="TS_002_LOGIN_FUNCTIONALITY.TC_LF_001_LOGIN_FUNCTIONALITY" name="logging_valid_credentials_TC_LF_001" time="2.236"/>
  <testcase classname="TS_007_PRODUCT_DISPLAY_PAGE.TC_PDP_001_PRODUCT_DISPLAY_PAGE" name="validate_product_name_price" time="9.172"/>
  <testcase classname="TS_010_SHOPPING_CART_FUNCTIONALITY.TC_SC_001_SHOPPINGCART_FUNCTIONALITY" name="success_message_to_shoppingCart" time="12.916"/>
  <testcase classname="TS_010_SHOPPING_CART_FUNCTIONALITY.TC_SC_005_SHOPPINGCART_FUNCTIONALITY3" name="Validate_update_Quantity_of_product" time="9.147"/>
  <testcase classname="TS_002_LOGIN_FUNCTIONALITY.TC_LF_001_LOGIN_FUNCTIONALITY" name="logging_valid_credentials_TC_LF_001" time="2.572"/>
  <testcase classname="TS_007_PRODUCT_DISPLAY_PAGE.TC_PDP_001_PRODUCT_DISPLAY_PAGE" name="validate_product_name_price" time="12.859"/>
  <testcase classname="TS_010_SHOPPING_CART_FUNCTIONALITY.TC_SC_001_SHOPPINGCART_FUNCTIONALITY" name="success_message_to_shoppingCart" time="11.904"/>
  <testcase classname="TS_010_SHOPPING_CART_FUNCTIONALITY.TC_SC_006_SHOPPINGCART_FUNCTIONALITY4" name="Validate_update_negative_Quantity_of_product" time="9.658"/>
</testsuite> <!-- Test -->
