<?xml version="1.0" encoding="UTF-8"?>
<testng-results ignored="0" total="9" passed="9" failed="0" skipped="0">
  <reporter-output>
    <line>
      <![CDATA[method nameshoppingcart_to_checkout_whitout_add_product]]>
    </line>
    <line>
      <![CDATA[method status1]]>
    </line>
    <line>
      <![CDATA[method namelogging_valid_credentials_TC_LF_001]]>
    </line>
    <line>
      <![CDATA[method status1]]>
    </line>
    <line>
      <![CDATA[method namevalidate_product_name_price]]>
    </line>
    <line>
      <![CDATA[method status1]]>
    </line>
    <line>
      <![CDATA[method namewithout_select_product_shoppingCart]]>
    </line>
    <line>
      <![CDATA[method status1]]>
    </line>
    <line>
      <![CDATA[method namenavigate_checkout_from_shopping_cart]]>
    </line>
    <line>
      <![CDATA[method status1]]>
    </line>
    <line>
      <![CDATA[method namelogging_valid_credentials_TC_LF_001]]>
    </line>
    <line>
      <![CDATA[method status1]]>
    </line>
    <line>
      <![CDATA[method namevalidate_product_name_price]]>
    </line>
    <line>
      <![CDATA[method status1]]>
    </line>
    <line>
      <![CDATA[method namesuccess_message_to_shoppingCart]]>
    </line>
    <line>
      <![CDATA[method status1]]>
    </line>
    <line>
      <![CDATA[method nameValidate_shopping_cart_to_checkout]]>
    </line>
    <line>
      <![CDATA[method status1]]>
    </line>
  </reporter-output>
  <suite started-at="2024-05-07T11:52:38 IST" name="Suite" finished-at="2024-05-07T11:53:52 IST" duration-ms="73991">
    <groups>
    </groups>
    <test started-at="2024-05-07T11:52:38 IST" name="Test" finished-at="2024-05-07T11:53:52 IST" duration-ms="73991">
      <class name="TS_011CHECKOUT_FUNCTIONALITY.TC_CO_002_CHECKOUT_FUNCTIONALITY2">
        <test-method is-config="true" signature="setup()[pri:0, instance:TS_011CHECKOUT_FUNCTIONALITY.TC_CO_002_CHECKOUT_FUNCTIONALITY2@2462cb01]" started-at="2024-05-07T11:53:26 IST" name="setup" finished-at="2024-05-07T11:53:30 IST" duration-ms="3248" status="PASS">
          <reporter-output>
          </reporter-output>
        </test-method> <!-- setup -->
        <test-method is-config="true" signature="setup()[pri:0, instance:TS_011CHECKOUT_FUNCTIONALITY.TC_CO_002_CHECKOUT_FUNCTIONALITY2@2462cb01]" started-at="2024-05-07T11:53:30 IST" name="setup" finished-at="2024-05-07T11:53:33 IST" duration-ms="3186" status="PASS">
          <reporter-output>
          </reporter-output>
        </test-method> <!-- setup -->
        <test-method signature="navigate_checkout_from_shopping_cart()[pri:0, instance:TS_011CHECKOUT_FUNCTIONALITY.TC_CO_002_CHECKOUT_FUNCTIONALITY2@2462cb01]" started-at="2024-05-07T11:53:30 IST" name="navigate_checkout_from_shopping_cart" finished-at="2024-05-07T11:53:30 IST" duration-ms="0" status="PASS">
          <reporter-output>
            <line>
              <![CDATA[method namenavigate_checkout_from_shopping_cart]]>
            </line>
            <line>
              <![CDATA[method status1]]>
            </line>
          </reporter-output>
        </test-method> <!-- navigate_checkout_from_shopping_cart -->
        <test-method is-config="true" signature="teardown()[pri:0, instance:TS_011CHECKOUT_FUNCTIONALITY.TC_CO_002_CHECKOUT_FUNCTIONALITY2@2462cb01]" started-at="2024-05-07T11:53:30 IST" name="teardown" finished-at="2024-05-07T11:53:30 IST" duration-ms="0" status="PASS">
          <reporter-output>
          </reporter-output>
        </test-method> <!-- teardown -->
        <test-method signature="logging_valid_credentials_TC_LF_001()[pri:0, instance:TS_011CHECKOUT_FUNCTIONALITY.TC_CO_002_CHECKOUT_FUNCTIONALITY2@2462cb01]" started-at="2024-05-07T11:53:33 IST" name="logging_valid_credentials_TC_LF_001" finished-at="2024-05-07T11:53:37 IST" duration-ms="3821" status="PASS">
          <reporter-output>
            <line>
              <![CDATA[method namelogging_valid_credentials_TC_LF_001]]>
            </line>
            <line>
              <![CDATA[method status1]]>
            </line>
          </reporter-output>
        </test-method> <!-- logging_valid_credentials_TC_LF_001 -->
        <test-method is-config="true" signature="teardown()[pri:0, instance:TS_011CHECKOUT_FUNCTIONALITY.TC_CO_002_CHECKOUT_FUNCTIONALITY2@2462cb01]" started-at="2024-05-07T11:53:37 IST" name="teardown" finished-at="2024-05-07T11:53:37 IST" duration-ms="0" status="PASS">
          <reporter-output>
          </reporter-output>
        </test-method> <!-- teardown -->
        <test-method is-config="true" signature="setup()[pri:0, instance:TS_011CHECKOUT_FUNCTIONALITY.TC_CO_002_CHECKOUT_FUNCTIONALITY2@2462cb01]" started-at="2024-05-07T11:53:37 IST" name="setup" finished-at="2024-05-07T11:53:40 IST" duration-ms="3341" status="PASS">
          <reporter-output>
          </reporter-output>
        </test-method> <!-- setup -->
        <test-method signature="validate_product_name_price()[pri:0, instance:TS_011CHECKOUT_FUNCTIONALITY.TC_CO_002_CHECKOUT_FUNCTIONALITY2@2462cb01]" started-at="2024-05-07T11:53:40 IST" name="validate_product_name_price" finished-at="2024-05-07T11:53:40 IST" duration-ms="2" status="PASS">
          <reporter-output>
            <line>
              <![CDATA[method namevalidate_product_name_price]]>
            </line>
            <line>
              <![CDATA[method status1]]>
            </line>
          </reporter-output>
        </test-method> <!-- validate_product_name_price -->
        <test-method is-config="true" signature="teardown()[pri:0, instance:TS_011CHECKOUT_FUNCTIONALITY.TC_CO_002_CHECKOUT_FUNCTIONALITY2@2462cb01]" started-at="2024-05-07T11:53:40 IST" name="teardown" finished-at="2024-05-07T11:53:40 IST" duration-ms="2" status="PASS">
          <reporter-output>
          </reporter-output>
        </test-method> <!-- teardown -->
        <test-method is-config="true" signature="setup()[pri:0, instance:TS_011CHECKOUT_FUNCTIONALITY.TC_CO_002_CHECKOUT_FUNCTIONALITY2@2462cb01]" started-at="2024-05-07T11:53:40 IST" name="setup" finished-at="2024-05-07T11:53:48 IST" duration-ms="7862" status="PASS">
          <reporter-output>
          </reporter-output>
        </test-method> <!-- setup -->
        <test-method signature="success_message_to_shoppingCart()[pri:0, instance:TS_011CHECKOUT_FUNCTIONALITY.TC_CO_002_CHECKOUT_FUNCTIONALITY2@2462cb01]" started-at="2024-05-07T11:53:48 IST" name="success_message_to_shoppingCart" finished-at="2024-05-07T11:53:48 IST" duration-ms="4" status="PASS">
          <reporter-output>
            <line>
              <![CDATA[method namesuccess_message_to_shoppingCart]]>
            </line>
            <line>
              <![CDATA[method status1]]>
            </line>
          </reporter-output>
        </test-method> <!-- success_message_to_shoppingCart -->
        <test-method is-config="true" signature="teardown()[pri:0, instance:TS_011CHECKOUT_FUNCTIONALITY.TC_CO_002_CHECKOUT_FUNCTIONALITY2@2462cb01]" started-at="2024-05-07T11:53:48 IST" name="teardown" finished-at="2024-05-07T11:53:48 IST" duration-ms="0" status="PASS">
          <reporter-output>
          </reporter-output>
        </test-method> <!-- teardown -->
        <test-method is-config="true" signature="setup()[pri:0, instance:TS_011CHECKOUT_FUNCTIONALITY.TC_CO_002_CHECKOUT_FUNCTIONALITY2@2462cb01]" started-at="2024-05-07T11:53:48 IST" name="setup" finished-at="2024-05-07T11:53:52 IST" duration-ms="4023" status="PASS">
          <reporter-output>
          </reporter-output>
        </test-method> <!-- setup -->
        <test-method signature="Validate_shopping_cart_to_checkout()[pri:0, instance:TS_011CHECKOUT_FUNCTIONALITY.TC_CO_002_CHECKOUT_FUNCTIONALITY2@2462cb01]" started-at="2024-05-07T11:53:52 IST" name="Validate_shopping_cart_to_checkout" finished-at="2024-05-07T11:53:52 IST" duration-ms="13" status="PASS">
          <reporter-output>
            <line>
              <![CDATA[method nameValidate_shopping_cart_to_checkout]]>
            </line>
            <line>
              <![CDATA[method status1]]>
            </line>
          </reporter-output>
        </test-method> <!-- Validate_shopping_cart_to_checkout -->
        <test-method is-config="true" signature="teardown()[pri:0, instance:TS_011CHECKOUT_FUNCTIONALITY.TC_CO_002_CHECKOUT_FUNCTIONALITY2@2462cb01]" started-at="2024-05-07T11:53:52 IST" name="teardown" finished-at="2024-05-07T11:53:52 IST" duration-ms="0" status="PASS">
          <reporter-output>
          </reporter-output>
        </test-method> <!-- teardown -->
      </class> <!-- TS_011CHECKOUT_FUNCTIONALITY.TC_CO_002_CHECKOUT_FUNCTIONALITY2 -->
      <class name="TS_011CHECKOUT_FUNCTIONALITY.TC_CO_001_CHECKOUT_FUNCTIONALITY">
        <test-method is-config="true" signature="setup()[pri:0, instance:TS_011CHECKOUT_FUNCTIONALITY.TC_CO_001_CHECKOUT_FUNCTIONALITY@7fd7a283]" started-at="2024-05-07T11:52:38 IST" name="setup" finished-at="2024-05-07T11:52:47 IST" duration-ms="9495" status="PASS">
          <reporter-output>
          </reporter-output>
        </test-method> <!-- setup -->
        <test-method signature="shoppingcart_to_checkout_whitout_add_product()[pri:0, instance:TS_011CHECKOUT_FUNCTIONALITY.TC_CO_001_CHECKOUT_FUNCTIONALITY@7fd7a283]" started-at="2024-05-07T11:52:47 IST" name="shoppingcart_to_checkout_whitout_add_product" finished-at="2024-05-07T11:52:58 IST" duration-ms="10193" status="PASS">
          <reporter-output>
            <line>
              <![CDATA[method nameshoppingcart_to_checkout_whitout_add_product]]>
            </line>
            <line>
              <![CDATA[method status1]]>
            </line>
          </reporter-output>
        </test-method> <!-- shoppingcart_to_checkout_whitout_add_product -->
        <test-method is-config="true" signature="teardown()[pri:0, instance:TS_011CHECKOUT_FUNCTIONALITY.TC_CO_001_CHECKOUT_FUNCTIONALITY@7fd7a283]" started-at="2024-05-07T11:52:58 IST" name="teardown" finished-at="2024-05-07T11:52:58 IST" duration-ms="0" status="PASS">
          <reporter-output>
          </reporter-output>
        </test-method> <!-- teardown -->
        <test-method is-config="true" signature="setup()[pri:0, instance:TS_011CHECKOUT_FUNCTIONALITY.TC_CO_001_CHECKOUT_FUNCTIONALITY@7fd7a283]" started-at="2024-05-07T11:52:58 IST" name="setup" finished-at="2024-05-07T11:53:03 IST" duration-ms="4923" status="PASS">
          <reporter-output>
          </reporter-output>
        </test-method> <!-- setup -->
        <test-method signature="logging_valid_credentials_TC_LF_001()[pri:0, instance:TS_011CHECKOUT_FUNCTIONALITY.TC_CO_001_CHECKOUT_FUNCTIONALITY@7fd7a283]" started-at="2024-05-07T11:53:03 IST" name="logging_valid_credentials_TC_LF_001" finished-at="2024-05-07T11:53:05 IST" duration-ms="2877" status="PASS">
          <reporter-output>
            <line>
              <![CDATA[method namelogging_valid_credentials_TC_LF_001]]>
            </line>
            <line>
              <![CDATA[method status1]]>
            </line>
          </reporter-output>
        </test-method> <!-- logging_valid_credentials_TC_LF_001 -->
        <test-method is-config="true" signature="teardown()[pri:0, instance:TS_011CHECKOUT_FUNCTIONALITY.TC_CO_001_CHECKOUT_FUNCTIONALITY@7fd7a283]" started-at="2024-05-07T11:53:05 IST" name="teardown" finished-at="2024-05-07T11:53:05 IST" duration-ms="0" status="PASS">
          <reporter-output>
          </reporter-output>
        </test-method> <!-- teardown -->
        <test-method is-config="true" signature="setup()[pri:0, instance:TS_011CHECKOUT_FUNCTIONALITY.TC_CO_001_CHECKOUT_FUNCTIONALITY@7fd7a283]" started-at="2024-05-07T11:53:05 IST" name="setup" finished-at="2024-05-07T11:53:10 IST" duration-ms="4506" status="PASS">
          <reporter-output>
          </reporter-output>
        </test-method> <!-- setup -->
        <test-method signature="validate_product_name_price()[pri:0, instance:TS_011CHECKOUT_FUNCTIONALITY.TC_CO_001_CHECKOUT_FUNCTIONALITY@7fd7a283]" started-at="2024-05-07T11:53:10 IST" name="validate_product_name_price" finished-at="2024-05-07T11:53:10 IST" duration-ms="7" status="PASS">
          <reporter-output>
            <line>
              <![CDATA[method namevalidate_product_name_price]]>
            </line>
            <line>
              <![CDATA[method status1]]>
            </line>
          </reporter-output>
        </test-method> <!-- validate_product_name_price -->
        <test-method is-config="true" signature="teardown()[pri:0, instance:TS_011CHECKOUT_FUNCTIONALITY.TC_CO_001_CHECKOUT_FUNCTIONALITY@7fd7a283]" started-at="2024-05-07T11:53:10 IST" name="teardown" finished-at="2024-05-07T11:53:10 IST" duration-ms="0" status="PASS">
          <reporter-output>
          </reporter-output>
        </test-method> <!-- teardown -->
        <test-method is-config="true" signature="setup()[pri:0, instance:TS_011CHECKOUT_FUNCTIONALITY.TC_CO_001_CHECKOUT_FUNCTIONALITY@7fd7a283]" started-at="2024-05-07T11:53:10 IST" name="setup" finished-at="2024-05-07T11:53:11 IST" duration-ms="1381" status="PASS">
          <reporter-output>
          </reporter-output>
        </test-method> <!-- setup -->
        <test-method signature="without_select_product_shoppingCart()[pri:0, instance:TS_011CHECKOUT_FUNCTIONALITY.TC_CO_001_CHECKOUT_FUNCTIONALITY@7fd7a283]" started-at="2024-05-07T11:53:11 IST" name="without_select_product_shoppingCart" finished-at="2024-05-07T11:53:26 IST" duration-ms="15026" status="PASS">
          <reporter-output>
            <line>
              <![CDATA[method namewithout_select_product_shoppingCart]]>
            </line>
            <line>
              <![CDATA[method status1]]>
            </line>
          </reporter-output>
        </test-method> <!-- without_select_product_shoppingCart -->
        <test-method is-config="true" signature="teardown()[pri:0, instance:TS_011CHECKOUT_FUNCTIONALITY.TC_CO_001_CHECKOUT_FUNCTIONALITY@7fd7a283]" started-at="2024-05-07T11:53:26 IST" name="teardown" finished-at="2024-05-07T11:53:26 IST" duration-ms="0" status="PASS">
          <reporter-output>
          </reporter-output>
        </test-method> <!-- teardown -->
      </class> <!-- TS_011CHECKOUT_FUNCTIONALITY.TC_CO_001_CHECKOUT_FUNCTIONALITY -->
    </test> <!-- Test -->
  </suite> <!-- Suite -->
</testng-results>
