<?xml version="1.0" encoding="UTF-8"?>
<!-- Generated by org.testng.reporters.JUnitXMLReporter -->
<testsuite ignored="0" hostname="DELL" failures="0" tests="9" name="Test" time="73.991" errors="0" timestamp="2024-05-07T11:53:52 IST">
  <testcase classname="TS_011CHECKOUT_FUNCTIONALITY.TC_CO_001_CHECKOUT_FUNCTIONALITY" name="shoppingcart_to_checkout_whitout_add_product" time="10.193"/>
  <testcase classname="TS_002_LOGIN_FUNCTIONALITY.TC_LF_001_LOGIN_FUNCTIONALITY" name="logging_valid_credentials_TC_LF_001" time="2.877"/>
  <testcase classname="TS_007_PRODUCT_DISPLAY_PAGE.TC_PDP_001_PRODUCT_DISPLAY_PAGE" name="validate_product_name_price" time="0.007"/>
  <testcase classname="TS_010_SHOPPING_CART_FUNCTIONALITY.TC_SC_002_SHOPPINGCART_FUNCTIONALITY2" name="without_select_product_shoppingCart" time="15.026"/>
  <testcase classname="TS_011CHECKOUT_FUNCTIONALITY.TC_CO_002_CHECKOUT_FUNCTIONALITY2" name="navigate_checkout_from_shopping_cart" time="0.0"/>
  <testcase classname="TS_002_LOGIN_FUNCTIONALITY.TC_LF_001_LOGIN_FUNCTIONALITY" name="logging_valid_credentials_TC_LF_001" time="3.821"/>
  <testcase classname="TS_007_PRODUCT_DISPLAY_PAGE.TC_PDP_001_PRODUCT_DISPLAY_PAGE" name="validate_product_name_price" time="0.002"/>
  <testcase classname="TS_010_SHOPPING_CART_FUNCTIONALITY.TC_SC_001_SHOPPINGCART_FUNCTIONALITY" name="success_message_to_shoppingCart" time="0.004"/>
  <testcase classname="TS_010_SHOPPING_CART_FUNCTIONALITY.TC_SC_009_SHOPPINGCART_FUNCTIONALITY3" name="Validate_shopping_cart_to_checkout" time="0.013"/>
</testsuite> <!-- Test -->
