<?xml version="1.0" encoding="UTF-8"?>
<testng-results ignored="0" total="2" passed="1" failed="1" skipped="0">
  <reporter-output>
    <line>
      <![CDATA[method namelogging_valid_credentials_TC_LF_001]]>
    </line>
    <line>
      <![CDATA[method status1]]>
    </line>
    <line>
      <![CDATA[method nameproper_placeholder]]>
    </line>
  </reporter-output>
  <suite started-at="2024-05-07T15:42:16 IST" name="Suite" finished-at="2024-05-07T15:42:41 IST" duration-ms="24878">
    <groups>
    </groups>
    <test started-at="2024-05-07T15:42:16 IST" name="Test" finished-at="2024-05-07T15:42:41 IST" duration-ms="24878">
      <class name="TS_014_MY_ACCOUNT_INFORMATION.TC_MAI_004_MY_ACCOUNT_INFORMATION3">
        <test-method is-config="true" signature="setup()[pri:0, instance:TS_014_MY_ACCOUNT_INFORMATION.TC_MAI_004_MY_ACCOUNT_INFORMATION3@383dc82c]" started-at="2024-05-07T15:42:16 IST" name="setup" finished-at="2024-05-07T15:42:21 IST" duration-ms="5026" status="PASS">
          <reporter-output>
          </reporter-output>
        </test-method> <!-- setup -->
        <test-method signature="logging_valid_credentials_TC_LF_001()[pri:0, instance:TS_014_MY_ACCOUNT_INFORMATION.TC_MAI_004_MY_ACCOUNT_INFORMATION3@383dc82c]" started-at="2024-05-07T15:42:21 IST" name="logging_valid_credentials_TC_LF_001" finished-at="2024-05-07T15:42:24 IST" duration-ms="3189" status="PASS">
          <reporter-output>
            <line>
              <![CDATA[method namelogging_valid_credentials_TC_LF_001]]>
            </line>
            <line>
              <![CDATA[method status1]]>
            </line>
          </reporter-output>
        </test-method> <!-- logging_valid_credentials_TC_LF_001 -->
        <test-method is-config="true" signature="teardown()[pri:0, instance:TS_014_MY_ACCOUNT_INFORMATION.TC_MAI_004_MY_ACCOUNT_INFORMATION3@383dc82c]" started-at="2024-05-07T15:42:24 IST" name="teardown" finished-at="2024-05-07T15:42:24 IST" duration-ms="1" status="PASS">
          <reporter-output>
          </reporter-output>
        </test-method> <!-- teardown -->
        <test-method is-config="true" signature="setup()[pri:0, instance:TS_014_MY_ACCOUNT_INFORMATION.TC_MAI_004_MY_ACCOUNT_INFORMATION3@383dc82c]" started-at="2024-05-07T15:42:24 IST" name="setup" finished-at="2024-05-07T15:42:26 IST" duration-ms="1636" status="PASS">
          <reporter-output>
          </reporter-output>
        </test-method> <!-- setup -->
        <test-method signature="proper_placeholder()[pri:0, instance:TS_014_MY_ACCOUNT_INFORMATION.TC_MAI_004_MY_ACCOUNT_INFORMATION3@383dc82c]" started-at="2024-05-07T15:42:26 IST" name="proper_placeholder" finished-at="2024-05-07T15:42:41 IST" duration-ms="14767" status="FAIL">
          <exception class="org.openqa.selenium.NoSuchElementException">
            <message>
              <![CDATA[no such element: Unable to locate element: {"method":"xpath","selector":"//*[@id="NAME_BUTTON"]/span/a"}
  (Session info: chrome=124.0.6367.119)
For documentation on this error, please visit: https://www.selenium.dev/documentation/webdriver/troubleshooting/errors#no-such-element-exception
Build info: version: '4.19.1', revision: 'abe0ee07dc'
System info: os.name: 'Windows 11', os.arch: 'amd64', os.version: '10.0', java.version: '21.0.2'
Driver info: org.openqa.selenium.chrome.ChromeDriver
Command: [ec2cf5d307d183f789fae311abefb377, findElement {value=//*[@id="NAME_BUTTON"]/span/a, using=xpath}]
Capabilities {acceptInsecureCerts: false, browserName: chrome, browserVersion: 124.0.6367.119, chrome: {chromedriverVersion: 124.0.6367.91 (51df0e5e17a8..., userDataDir: C:\Users\amits\AppData\Loca...}, fedcm:accounts: true, goog:chromeOptions: {debuggerAddress: localhost:63681}, networkConnectionEnabled: false, pageLoadStrategy: normal, platformName: windows, proxy: Proxy(), se:cdp: ws://localhost:63681/devtoo..., se:cdpVersion: 124.0.6367.119, setWindowRect: true, strictFileInteractability: false, timeouts: {implicit: 0, pageLoad: 300000, script: 30000}, unhandledPromptBehavior: dismiss and notify, webauthn:extension:credBlob: true, webauthn:extension:largeBlob: true, webauthn:extension:minPinLength: true, webauthn:extension:prf: true, webauthn:virtualAuthenticators: true}
Session ID: ec2cf5d307d183f789fae311abefb377]]>
            </message>
            <full-stacktrace>
              <![CDATA[org.openqa.selenium.NoSuchElementException: no such element: Unable to locate element: {"method":"xpath","selector":"//*[@id="NAME_BUTTON"]/span/a"}
  (Session info: chrome=124.0.6367.119)
For documentation on this error, please visit: https://www.selenium.dev/documentation/webdriver/troubleshooting/errors#no-such-element-exception
Build info: version: '4.19.1', revision: 'abe0ee07dc'
System info: os.name: 'Windows 11', os.arch: 'amd64', os.version: '10.0', java.version: '21.0.2'
Driver info: org.openqa.selenium.chrome.ChromeDriver
Command: [ec2cf5d307d183f789fae311abefb377, findElement {value=//*[@id="NAME_BUTTON"]/span/a, using=xpath}]
Capabilities {acceptInsecureCerts: false, browserName: chrome, browserVersion: 124.0.6367.119, chrome: {chromedriverVersion: 124.0.6367.91 (51df0e5e17a8..., userDataDir: C:\Users\amits\AppData\Loca...}, fedcm:accounts: true, goog:chromeOptions: {debuggerAddress: localhost:63681}, networkConnectionEnabled: false, pageLoadStrategy: normal, platformName: windows, proxy: Proxy(), se:cdp: ws://localhost:63681/devtoo..., se:cdpVersion: 124.0.6367.119, setWindowRect: true, strictFileInteractability: false, timeouts: {implicit: 0, pageLoad: 300000, script: 30000}, unhandledPromptBehavior: dismiss and notify, webauthn:extension:credBlob: true, webauthn:extension:largeBlob: true, webauthn:extension:minPinLength: true, webauthn:extension:prf: true, webauthn:virtualAuthenticators: true}
Session ID: ec2cf5d307d183f789fae311abefb377
at java.base/jdk.internal.reflect.DirectConstructorHandleAccessor.newInstance(DirectConstructorHandleAccessor.java:62)
at java.base/java.lang.reflect.Constructor.newInstanceWithCaller(Constructor.java:502)
at java.base/java.lang.reflect.Constructor.newInstance(Constructor.java:486)
at org.openqa.selenium.remote.ErrorCodec.decode(ErrorCodec.java:167)
at org.openqa.selenium.remote.codec.w3c.W3CHttpResponseCodec.decode(W3CHttpResponseCodec.java:138)
at org.openqa.selenium.remote.codec.w3c.W3CHttpResponseCodec.decode(W3CHttpResponseCodec.java:50)
at org.openqa.selenium.remote.HttpCommandExecutor.execute(HttpCommandExecutor.java:190)
at org.openqa.selenium.remote.service.DriverCommandExecutor.invokeExecute(DriverCommandExecutor.java:216)
at org.openqa.selenium.remote.service.DriverCommandExecutor.execute(DriverCommandExecutor.java:174)
at org.openqa.selenium.remote.RemoteWebDriver.execute(RemoteWebDriver.java:518)
at org.openqa.selenium.remote.ElementLocation$ElementFinder$2.findElement(ElementLocation.java:165)
at org.openqa.selenium.remote.ElementLocation.findElement(ElementLocation.java:59)
at org.openqa.selenium.remote.RemoteWebDriver.findElement(RemoteWebDriver.java:355)
at org.openqa.selenium.remote.RemoteWebDriver.findElement(RemoteWebDriver.java:349)
at TS_014_MY_ACCOUNT_INFORMATION.TC_MAI_004_MY_ACCOUNT_INFORMATION3.proper_placeholder(TC_MAI_004_MY_ACCOUNT_INFORMATION3.java:30)
at java.base/jdk.internal.reflect.DirectMethodHandleAccessor.invoke(DirectMethodHandleAccessor.java:103)
at java.base/java.lang.reflect.Method.invoke(Method.java:580)
at org.testng.internal.MethodInvocationHelper.invokeMethod(MethodInvocationHelper.java:133)
at org.testng.internal.TestInvoker.invokeMethod(TestInvoker.java:598)
at org.testng.internal.TestInvoker.invokeTestMethod(TestInvoker.java:173)
at org.testng.internal.MethodRunner.runInSequence(MethodRunner.java:46)
at org.testng.internal.TestInvoker$MethodInvocationAgent.invoke(TestInvoker.java:824)
at org.testng.internal.TestInvoker.invokeTestMethods(TestInvoker.java:146)
at org.testng.internal.TestMethodWorker.invokeTestMethods(TestMethodWorker.java:146)
at org.testng.internal.TestMethodWorker.run(TestMethodWorker.java:128)
at java.base/java.util.ArrayList.forEach(ArrayList.java:1596)
at org.testng.TestRunner.privateRun(TestRunner.java:794)
at org.testng.TestRunner.run(TestRunner.java:596)
at org.testng.SuiteRunner.runTest(SuiteRunner.java:377)
at org.testng.SuiteRunner.runSequentially(SuiteRunner.java:371)
at org.testng.SuiteRunner.privateRun(SuiteRunner.java:332)
at org.testng.SuiteRunner.run(SuiteRunner.java:276)
at org.testng.SuiteRunnerWorker.runSuite(SuiteRunnerWorker.java:53)
at org.testng.SuiteRunnerWorker.run(SuiteRunnerWorker.java:96)
at org.testng.TestNG.runSuitesSequentially(TestNG.java:1212)
at org.testng.TestNG.runSuitesLocally(TestNG.java:1134)
at org.testng.TestNG.runSuites(TestNG.java:1063)
at org.testng.TestNG.run(TestNG.java:1031)
at org.testng.remote.AbstractRemoteTestNG.run(AbstractRemoteTestNG.java:115)
at org.testng.remote.RemoteTestNG.initAndRun(RemoteTestNG.java:251)
at org.testng.remote.RemoteTestNG.main(RemoteTestNG.java:77)
]]>
            </full-stacktrace>
          </exception> <!-- org.openqa.selenium.NoSuchElementException -->
          <reporter-output>
            <line>
              <![CDATA[method nameproper_placeholder]]>
            </line>
          </reporter-output>
        </test-method> <!-- proper_placeholder -->
        <test-method is-config="true" signature="teardown()[pri:0, instance:TS_014_MY_ACCOUNT_INFORMATION.TC_MAI_004_MY_ACCOUNT_INFORMATION3@383dc82c]" started-at="2024-05-07T15:42:41 IST" name="teardown" finished-at="2024-05-07T15:42:41 IST" duration-ms="0" status="PASS">
          <reporter-output>
          </reporter-output>
        </test-method> <!-- teardown -->
      </class> <!-- TS_014_MY_ACCOUNT_INFORMATION.TC_MAI_004_MY_ACCOUNT_INFORMATION3 -->
    </test> <!-- Test -->
  </suite> <!-- Suite -->
</testng-results>
