<?xml version="1.0" encoding="UTF-8"?>
<!-- Generated by org.testng.reporters.JUnitXMLReporter -->
<testsuite ignored="0" hostname="DELL" failures="0" tests="5" name="Test" time="24.261" errors="0" timestamp="2024-05-07T13:22:55 IST">
  <testcase classname="TS_011CHECKOUT_FUNCTIONALITY.TC_CO_003_CHECKOUT_FUNCTIONALITY3" name="existing_address_checkout" time="0.006"/>
  <testcase classname="TS_002_LOGIN_FUNCTIONALITY.TC_LF_001_LOGIN_FUNCTIONALITY" name="logging_valid_credentials_TC_LF_001" time="3.011"/>
  <testcase classname="TS_007_PRODUCT_DISPLAY_PAGE.TC_PDP_001_PRODUCT_DISPLAY_PAGE" name="validate_product_name_price" time="0.002"/>
  <testcase classname="TS_010_SHOPPING_CART_FUNCTIONALITY.TC_SC_001_SHOPPINGCART_FUNCTIONALITY" name="success_message_to_shoppingCart" time="0.007"/>
  <testcase classname="TS_010_SHOPPING_CART_FUNCTIONALITY.TC_SC_009_SHOPPINGCART_FUNCTIONALITY3" name="Validate_shopping_cart_to_checkout" time="0.0"/>
</testsuite> <!-- Test -->
