<?xml version="1.0" encoding="UTF-8"?>
<!-- Generated by org.testng.reporters.JUnitXMLReporter -->
<testsuite ignored="0" hostname="DELL" failures="0" tests="4" name="Test" time="132.387" errors="0" timestamp="2024-05-07T13:41:06 IST">
  <testcase classname="TS_008_ADD_TO_CART_FUNCTIONALITY.TC_ATC_001_ADD_TO_CART_FUNCTIONALITY" name="checkout_page" time="30.409"/>
  <testcase classname="TS_011CHECKOUT_FUNCTIONALITY.TC_CO_004_CHECKOUT_FUNCTIONALITY4" name="existing_address_checkout" time="20.792"/>
  <testcase classname="TS_002_LOGIN_FUNCTIONALITY.TC_LF_001_LOGIN_FUNCTIONALITY" name="logging_valid_credentials_TC_LF_001" time="0.069"/>
  <testcase classname="TS_007_PRODUCT_DISPLAY_PAGE.TC_PDP_001_PRODUCT_DISPLAY_PAGE" name="validate_product_name_price" time="0.074"/>
</testsuite> <!-- Test -->
