<?xml version="1.0" encoding="UTF-8"?>
<testng-results ignored="0" total="11" passed="11" failed="0" skipped="0">
  <reporter-output>
    <line>
      <![CDATA[method namenavigate_to_change_password_page]]>
    </line>
    <line>
      <![CDATA[method status1]]>
    </line>
    <line>
      <![CDATA[method namelogging_valid_credentials_TC_LF_001]]>
    </line>
    <line>
      <![CDATA[method status1]]>
    </line>
    <line>
      <![CDATA[method namenavigate_to_change_password_page]]>
    </line>
    <line>
      <![CDATA[method status1]]>
    </line>
    <line>
      <![CDATA[method namevalidate_change_password]]>
    </line>
    <line>
      <![CDATA[method status1]]>
    </line>
    <line>
      <![CDATA[method namelogging_valid_credentials_TC_LF_001]]>
    </line>
    <line>
      <![CDATA[method status1]]>
    </line>
    <line>
      <![CDATA[method namenavigate_to_change_password_page]]>
    </line>
    <line>
      <![CDATA[method status1]]>
    </line>
    <line>
      <![CDATA[method namevalidate_without_enter_change_password]]>
    </line>
    <line>
      <![CDATA[method status1]]>
    </line>
    <line>
      <![CDATA[method namelogging_valid_credentials_TC_LF_001]]>
    </line>
    <line>
      <![CDATA[method status1]]>
    </line>
    <line>
      <![CDATA[method namenavigate_to_change_password_page]]>
    </line>
    <line>
      <![CDATA[method status1]]>
    </line>
    <line>
      <![CDATA[method namevalidate_enter_different_change_password]]>
    </line>
    <line>
      <![CDATA[method status1]]>
    </line>
    <line>
      <![CDATA[method namelogging_valid_credentials_TC_LF_001]]>
    </line>
    <line>
      <![CDATA[method status1]]>
    </line>
  </reporter-output>
  <suite started-at="2024-05-07T14:29:24 IST" name="Suite" finished-at="2024-05-07T14:30:45 IST" duration-ms="81603">
    <groups>
    </groups>
    <test started-at="2024-05-07T14:29:24 IST" name="Test" finished-at="2024-05-07T14:30:45 IST" duration-ms="81603">
      <class name="TS_012_CHANGE_PASSWORD.TC_001_CHANGE_PASSWORD_FUNCTIONALITY">
        <test-method is-config="true" signature="setup()[pri:0, instance:TS_012_CHANGE_PASSWORD.TC_001_CHANGE_PASSWORD_FUNCTIONALITY@68746f22]" started-at="2024-05-07T14:29:24 IST" name="setup" finished-at="2024-05-07T14:29:31 IST" duration-ms="7415" status="PASS">
          <reporter-output>
          </reporter-output>
        </test-method> <!-- setup -->
        <test-method signature="navigate_to_change_password_page()[pri:0, instance:TS_012_CHANGE_PASSWORD.TC_001_CHANGE_PASSWORD_FUNCTIONALITY@68746f22]" started-at="2024-05-07T14:29:31 IST" name="navigate_to_change_password_page" finished-at="2024-05-07T14:29:31 IST" duration-ms="8" status="PASS">
          <reporter-output>
            <line>
              <![CDATA[method namenavigate_to_change_password_page]]>
            </line>
            <line>
              <![CDATA[method status1]]>
            </line>
          </reporter-output>
        </test-method> <!-- navigate_to_change_password_page -->
        <test-method is-config="true" signature="teardown()[pri:0, instance:TS_012_CHANGE_PASSWORD.TC_001_CHANGE_PASSWORD_FUNCTIONALITY@68746f22]" started-at="2024-05-07T14:29:31 IST" name="teardown" finished-at="2024-05-07T14:29:31 IST" duration-ms="1" status="PASS">
          <reporter-output>
          </reporter-output>
        </test-method> <!-- teardown -->
        <test-method is-config="true" signature="setup()[pri:0, instance:TS_012_CHANGE_PASSWORD.TC_001_CHANGE_PASSWORD_FUNCTIONALITY@68746f22]" started-at="2024-05-07T14:29:31 IST" name="setup" finished-at="2024-05-07T14:29:40 IST" duration-ms="8744" status="PASS">
          <reporter-output>
          </reporter-output>
        </test-method> <!-- setup -->
        <test-method signature="logging_valid_credentials_TC_LF_001()[pri:0, instance:TS_012_CHANGE_PASSWORD.TC_001_CHANGE_PASSWORD_FUNCTIONALITY@68746f22]" started-at="2024-05-07T14:29:40 IST" name="logging_valid_credentials_TC_LF_001" finished-at="2024-05-07T14:29:43 IST" duration-ms="3224" status="PASS">
          <reporter-output>
            <line>
              <![CDATA[method namelogging_valid_credentials_TC_LF_001]]>
            </line>
            <line>
              <![CDATA[method status1]]>
            </line>
          </reporter-output>
        </test-method> <!-- logging_valid_credentials_TC_LF_001 -->
        <test-method is-config="true" signature="teardown()[pri:0, instance:TS_012_CHANGE_PASSWORD.TC_001_CHANGE_PASSWORD_FUNCTIONALITY@68746f22]" started-at="2024-05-07T14:29:43 IST" name="teardown" finished-at="2024-05-07T14:29:43 IST" duration-ms="1" status="PASS">
          <reporter-output>
          </reporter-output>
        </test-method> <!-- teardown -->
      </class> <!-- TS_012_CHANGE_PASSWORD.TC_001_CHANGE_PASSWORD_FUNCTIONALITY -->
      <class name="TS_012_CHANGE_PASSWORD.TC_004_CHANGE_PASSWORD_FUNCTIONALITY3">
        <test-method is-config="true" signature="setup()[pri:0, instance:TS_012_CHANGE_PASSWORD.TC_004_CHANGE_PASSWORD_FUNCTIONALITY3@6ca18a14]" started-at="2024-05-07T14:30:23 IST" name="setup" finished-at="2024-05-07T14:30:26 IST" duration-ms="2212" status="PASS">
          <reporter-output>
          </reporter-output>
        </test-method> <!-- setup -->
        <test-method signature="navigate_to_change_password_page()[pri:0, instance:TS_012_CHANGE_PASSWORD.TC_004_CHANGE_PASSWORD_FUNCTIONALITY3@6ca18a14]" started-at="2024-05-07T14:30:26 IST" name="navigate_to_change_password_page" finished-at="2024-05-07T14:30:26 IST" duration-ms="3" status="PASS">
          <reporter-output>
            <line>
              <![CDATA[method namenavigate_to_change_password_page]]>
            </line>
            <line>
              <![CDATA[method status1]]>
            </line>
          </reporter-output>
        </test-method> <!-- navigate_to_change_password_page -->
        <test-method is-config="true" signature="teardown()[pri:0, instance:TS_012_CHANGE_PASSWORD.TC_004_CHANGE_PASSWORD_FUNCTIONALITY3@6ca18a14]" started-at="2024-05-07T14:30:26 IST" name="teardown" finished-at="2024-05-07T14:30:26 IST" duration-ms="10" status="PASS">
          <reporter-output>
          </reporter-output>
        </test-method> <!-- teardown -->
        <test-method is-config="true" signature="setup()[pri:0, instance:TS_012_CHANGE_PASSWORD.TC_004_CHANGE_PASSWORD_FUNCTIONALITY3@6ca18a14]" started-at="2024-05-07T14:30:26 IST" name="setup" finished-at="2024-05-07T14:30:36 IST" duration-ms="10195" status="PASS">
          <reporter-output>
          </reporter-output>
        </test-method> <!-- setup -->
        <test-method signature="validate_enter_different_change_password()[pri:0, instance:TS_012_CHANGE_PASSWORD.TC_004_CHANGE_PASSWORD_FUNCTIONALITY3@6ca18a14]" started-at="2024-05-07T14:30:36 IST" name="validate_enter_different_change_password" finished-at="2024-05-07T14:30:36 IST" duration-ms="4" status="PASS">
          <reporter-output>
            <line>
              <![CDATA[method namevalidate_enter_different_change_password]]>
            </line>
            <line>
              <![CDATA[method status1]]>
            </line>
          </reporter-output>
        </test-method> <!-- validate_enter_different_change_password -->
        <test-method is-config="true" signature="teardown()[pri:0, instance:TS_012_CHANGE_PASSWORD.TC_004_CHANGE_PASSWORD_FUNCTIONALITY3@6ca18a14]" started-at="2024-05-07T14:30:36 IST" name="teardown" finished-at="2024-05-07T14:30:36 IST" duration-ms="0" status="PASS">
          <reporter-output>
          </reporter-output>
        </test-method> <!-- teardown -->
        <test-method is-config="true" signature="setup()[pri:0, instance:TS_012_CHANGE_PASSWORD.TC_004_CHANGE_PASSWORD_FUNCTIONALITY3@6ca18a14]" started-at="2024-05-07T14:30:36 IST" name="setup" finished-at="2024-05-07T14:30:40 IST" duration-ms="4571" status="PASS">
          <reporter-output>
          </reporter-output>
        </test-method> <!-- setup -->
        <test-method signature="logging_valid_credentials_TC_LF_001()[pri:0, instance:TS_012_CHANGE_PASSWORD.TC_004_CHANGE_PASSWORD_FUNCTIONALITY3@6ca18a14]" started-at="2024-05-07T14:30:40 IST" name="logging_valid_credentials_TC_LF_001" finished-at="2024-05-07T14:30:45 IST" duration-ms="5087" status="PASS">
          <reporter-output>
            <line>
              <![CDATA[method namelogging_valid_credentials_TC_LF_001]]>
            </line>
            <line>
              <![CDATA[method status1]]>
            </line>
          </reporter-output>
        </test-method> <!-- logging_valid_credentials_TC_LF_001 -->
        <test-method is-config="true" signature="teardown()[pri:0, instance:TS_012_CHANGE_PASSWORD.TC_004_CHANGE_PASSWORD_FUNCTIONALITY3@6ca18a14]" started-at="2024-05-07T14:30:45 IST" name="teardown" finished-at="2024-05-07T14:30:45 IST" duration-ms="0" status="PASS">
          <reporter-output>
          </reporter-output>
        </test-method> <!-- teardown -->
      </class> <!-- TS_012_CHANGE_PASSWORD.TC_004_CHANGE_PASSWORD_FUNCTIONALITY3 -->
      <class name="TS_012_CHANGE_PASSWORD.TC_002_CHANGE_PASSWORD_FUNCTIONALITY2">
        <test-method is-config="true" signature="setup()[pri:0, instance:TS_012_CHANGE_PASSWORD.TC_002_CHANGE_PASSWORD_FUNCTIONALITY2@13d9cbf5]" started-at="2024-05-07T14:29:43 IST" name="setup" finished-at="2024-05-07T14:29:48 IST" duration-ms="4557" status="PASS">
          <reporter-output>
          </reporter-output>
        </test-method> <!-- setup -->
        <test-method signature="navigate_to_change_password_page()[pri:0, instance:TS_012_CHANGE_PASSWORD.TC_002_CHANGE_PASSWORD_FUNCTIONALITY2@13d9cbf5]" started-at="2024-05-07T14:29:48 IST" name="navigate_to_change_password_page" finished-at="2024-05-07T14:29:48 IST" duration-ms="2" status="PASS">
          <reporter-output>
            <line>
              <![CDATA[method namenavigate_to_change_password_page]]>
            </line>
            <line>
              <![CDATA[method status1]]>
            </line>
          </reporter-output>
        </test-method> <!-- navigate_to_change_password_page -->
        <test-method is-config="true" signature="setup()[pri:0, instance:TS_012_CHANGE_PASSWORD.TC_002_CHANGE_PASSWORD_FUNCTIONALITY2@13d9cbf5]" started-at="2024-05-07T14:29:48 IST" name="setup" finished-at="2024-05-07T14:29:52 IST" duration-ms="4486" status="PASS">
          <reporter-output>
          </reporter-output>
        </test-method> <!-- setup -->
        <test-method is-config="true" signature="teardown()[pri:0, instance:TS_012_CHANGE_PASSWORD.TC_002_CHANGE_PASSWORD_FUNCTIONALITY2@13d9cbf5]" started-at="2024-05-07T14:29:48 IST" name="teardown" finished-at="2024-05-07T14:29:48 IST" duration-ms="0" status="PASS">
          <reporter-output>
          </reporter-output>
        </test-method> <!-- teardown -->
        <test-method signature="validate_change_password()[pri:0, instance:TS_012_CHANGE_PASSWORD.TC_002_CHANGE_PASSWORD_FUNCTIONALITY2@13d9cbf5]" started-at="2024-05-07T14:29:52 IST" name="validate_change_password" finished-at="2024-05-07T14:29:52 IST" duration-ms="2" status="PASS">
          <reporter-output>
            <line>
              <![CDATA[method namevalidate_change_password]]>
            </line>
            <line>
              <![CDATA[method status1]]>
            </line>
          </reporter-output>
        </test-method> <!-- validate_change_password -->
        <test-method is-config="true" signature="teardown()[pri:0, instance:TS_012_CHANGE_PASSWORD.TC_002_CHANGE_PASSWORD_FUNCTIONALITY2@13d9cbf5]" started-at="2024-05-07T14:29:52 IST" name="teardown" finished-at="2024-05-07T14:29:52 IST" duration-ms="2" status="PASS">
          <reporter-output>
          </reporter-output>
        </test-method> <!-- teardown -->
        <test-method is-config="true" signature="setup()[pri:0, instance:TS_012_CHANGE_PASSWORD.TC_002_CHANGE_PASSWORD_FUNCTIONALITY2@13d9cbf5]" started-at="2024-05-07T14:29:52 IST" name="setup" finished-at="2024-05-07T14:29:57 IST" duration-ms="4400" status="PASS">
          <reporter-output>
          </reporter-output>
        </test-method> <!-- setup -->
        <test-method signature="logging_valid_credentials_TC_LF_001()[pri:0, instance:TS_012_CHANGE_PASSWORD.TC_002_CHANGE_PASSWORD_FUNCTIONALITY2@13d9cbf5]" started-at="2024-05-07T14:29:57 IST" name="logging_valid_credentials_TC_LF_001" finished-at="2024-05-07T14:30:00 IST" duration-ms="3665" status="PASS">
          <reporter-output>
            <line>
              <![CDATA[method namelogging_valid_credentials_TC_LF_001]]>
            </line>
            <line>
              <![CDATA[method status1]]>
            </line>
          </reporter-output>
        </test-method> <!-- logging_valid_credentials_TC_LF_001 -->
        <test-method is-config="true" signature="teardown()[pri:0, instance:TS_012_CHANGE_PASSWORD.TC_002_CHANGE_PASSWORD_FUNCTIONALITY2@13d9cbf5]" started-at="2024-05-07T14:30:00 IST" name="teardown" finished-at="2024-05-07T14:30:00 IST" duration-ms="0" status="PASS">
          <reporter-output>
          </reporter-output>
        </test-method> <!-- teardown -->
      </class> <!-- TS_012_CHANGE_PASSWORD.TC_002_CHANGE_PASSWORD_FUNCTIONALITY2 -->
      <class name="TS_012_CHANGE_PASSWORD.TC_003_CHANGE_PASSWORD_FUNCTIONALITY3">
        <test-method is-config="true" signature="setup()[pri:0, instance:TS_012_CHANGE_PASSWORD.TC_003_CHANGE_PASSWORD_FUNCTIONALITY3@478db956]" started-at="2024-05-07T14:30:00 IST" name="setup" finished-at="2024-05-07T14:30:06 IST" duration-ms="6059" status="PASS">
          <reporter-output>
          </reporter-output>
        </test-method> <!-- setup -->
        <test-method signature="navigate_to_change_password_page()[pri:0, instance:TS_012_CHANGE_PASSWORD.TC_003_CHANGE_PASSWORD_FUNCTIONALITY3@478db956]" started-at="2024-05-07T14:30:06 IST" name="navigate_to_change_password_page" finished-at="2024-05-07T14:30:06 IST" duration-ms="16" status="PASS">
          <reporter-output>
            <line>
              <![CDATA[method namenavigate_to_change_password_page]]>
            </line>
            <line>
              <![CDATA[method status1]]>
            </line>
          </reporter-output>
        </test-method> <!-- navigate_to_change_password_page -->
        <test-method is-config="true" signature="teardown()[pri:0, instance:TS_012_CHANGE_PASSWORD.TC_003_CHANGE_PASSWORD_FUNCTIONALITY3@478db956]" started-at="2024-05-07T14:30:06 IST" name="teardown" finished-at="2024-05-07T14:30:06 IST" duration-ms="10" status="PASS">
          <reporter-output>
          </reporter-output>
        </test-method> <!-- teardown -->
        <test-method is-config="true" signature="setup()[pri:0, instance:TS_012_CHANGE_PASSWORD.TC_003_CHANGE_PASSWORD_FUNCTIONALITY3@478db956]" started-at="2024-05-07T14:30:06 IST" name="setup" finished-at="2024-05-07T14:30:13 IST" duration-ms="6956" status="PASS">
          <reporter-output>
          </reporter-output>
        </test-method> <!-- setup -->
        <test-method signature="validate_without_enter_change_password()[pri:0, instance:TS_012_CHANGE_PASSWORD.TC_003_CHANGE_PASSWORD_FUNCTIONALITY3@478db956]" started-at="2024-05-07T14:30:13 IST" name="validate_without_enter_change_password" finished-at="2024-05-07T14:30:13 IST" duration-ms="3" status="PASS">
          <reporter-output>
            <line>
              <![CDATA[method namevalidate_without_enter_change_password]]>
            </line>
            <line>
              <![CDATA[method status1]]>
            </line>
          </reporter-output>
        </test-method> <!-- validate_without_enter_change_password -->
        <test-method is-config="true" signature="teardown()[pri:0, instance:TS_012_CHANGE_PASSWORD.TC_003_CHANGE_PASSWORD_FUNCTIONALITY3@478db956]" started-at="2024-05-07T14:30:13 IST" name="teardown" finished-at="2024-05-07T14:30:13 IST" duration-ms="1" status="PASS">
          <reporter-output>
          </reporter-output>
        </test-method> <!-- teardown -->
        <test-method is-config="true" signature="setup()[pri:0, instance:TS_012_CHANGE_PASSWORD.TC_003_CHANGE_PASSWORD_FUNCTIONALITY3@478db956]" started-at="2024-05-07T14:30:13 IST" name="setup" finished-at="2024-05-07T14:30:19 IST" duration-ms="5141" status="PASS">
          <reporter-output>
          </reporter-output>
        </test-method> <!-- setup -->
        <test-method signature="logging_valid_credentials_TC_LF_001()[pri:0, instance:TS_012_CHANGE_PASSWORD.TC_003_CHANGE_PASSWORD_FUNCTIONALITY3@478db956]" started-at="2024-05-07T14:30:19 IST" name="logging_valid_credentials_TC_LF_001" finished-at="2024-05-07T14:30:23 IST" duration-ms="4741" status="PASS">
          <reporter-output>
            <line>
              <![CDATA[method namelogging_valid_credentials_TC_LF_001]]>
            </line>
            <line>
              <![CDATA[method status1]]>
            </line>
          </reporter-output>
        </test-method> <!-- logging_valid_credentials_TC_LF_001 -->
        <test-method is-config="true" signature="teardown()[pri:0, instance:TS_012_CHANGE_PASSWORD.TC_003_CHANGE_PASSWORD_FUNCTIONALITY3@478db956]" started-at="2024-05-07T14:30:23 IST" name="teardown" finished-at="2024-05-07T14:30:23 IST" duration-ms="1" status="PASS">
          <reporter-output>
          </reporter-output>
        </test-method> <!-- teardown -->
      </class> <!-- TS_012_CHANGE_PASSWORD.TC_003_CHANGE_PASSWORD_FUNCTIONALITY3 -->
    </test> <!-- Test -->
  </suite> <!-- Suite -->
</testng-results>
