<?xml version="1.0" encoding="UTF-8"?>
<!-- Generated by org.testng.reporters.JUnitXMLReporter -->
<testsuite ignored="0" hostname="DELL" failures="0" tests="4" name="Test" time="65.675" errors="0" timestamp="2024-05-07T10:44:38 IST">
  <testcase classname="TS_002_LOGIN_FUNCTIONALITY.TC_LF_001_LOGIN_FUNCTIONALITY" name="logging_valid_credentials_TC_LF_001" time="2.334"/>
  <testcase classname="TS_007_PRODUCT_DISPLAY_PAGE.TC_PDP_001_PRODUCT_DISPLAY_PAGE" name="validate_product_name_price" time="9.506"/>
  <testcase classname="TS_010_SHOPPING_CART_FUNCTIONALITY.TC_SC_001_SHOPPINGCART_FUNCTIONALITY" name="success_message_to_shoppingCart" time="17.713"/>
  <testcase classname="TS_010_SHOPPING_CART_FUNCTIONALITY.TC_SC_007_SHOPPINGCART_FUNCTIONALITY6" name="Validate_update_negative_qty_of_product" time="20.538"/>
</testsuite> <!-- Test -->
