<?xml version="1.0" encoding="UTF-8"?>
<testng-results ignored="0" total="14" passed="14" failed="0" skipped="0">
  <reporter-output>
    <line>
      <![CDATA[method namelogging_valid_credentials_TC_LF_001]]>
    </line>
    <line>
      <![CDATA[method status1]]>
    </line>
    <line>
      <![CDATA[method nameorder_DISPLAYED_002]]>
    </line>
    <line>
      <![CDATA[method status1]]>
    </line>
    <line>
      <![CDATA[method namelogging_valid_credentials_TC_LF_001]]>
    </line>
    <line>
      <![CDATA[method status1]]>
    </line>
    <line>
      <![CDATA[method nameorder_DISPLAYED_002]]>
    </line>
    <line>
      <![CDATA[method status1]]>
    </line>
    <line>
      <![CDATA[method namelogging_valid_credentials_TC_LF_001]]>
    </line>
    <line>
      <![CDATA[method status1]]>
    </line>
    <line>
      <![CDATA[method namesupported_env]]>
    </line>
    <line>
      <![CDATA[method status1]]>
    </line>
    <line>
      <![CDATA[method namelogging_valid_credentials_TC_LF_001]]>
    </line>
    <line>
      <![CDATA[method status1]]>
    </line>
    <line>
      <![CDATA[method namevalidate_ui]]>
    </line>
    <line>
      <![CDATA[method status1]]>
    </line>
    <line>
      <![CDATA[method namelogging_valid_credentials_TC_LF_001]]>
    </line>
    <line>
      <![CDATA[method status1]]>
    </line>
    <line>
      <![CDATA[method namenavigate_to_order_history_001]]>
    </line>
    <line>
      <![CDATA[method status1]]>
    </line>
    <line>
      <![CDATA[method namelogging_valid_credentials_TC_LF_001]]>
    </line>
    <line>
      <![CDATA[method status1]]>
    </line>
    <line>
      <![CDATA[method nameorder_DISPLAYED_002]]>
    </line>
    <line>
      <![CDATA[method status1]]>
    </line>
    <line>
      <![CDATA[method namelogging_valid_credentials_TC_LF_001]]>
    </line>
    <line>
      <![CDATA[method status1]]>
    </line>
    <line>
      <![CDATA[method nameorder_DISPLAYED_002]]>
    </line>
    <line>
      <![CDATA[method status1]]>
    </line>
  </reporter-output>
  <suite started-at="2024-05-07T15:49:06 IST" name="Suite" finished-at="2024-05-07T15:50:54 IST" duration-ms="107268">
    <groups>
    </groups>
    <test started-at="2024-05-07T15:49:06 IST" name="Test" finished-at="2024-05-07T15:50:54 IST" duration-ms="107268">
      <class name="TS_015_ORDER_HISTORY.TS_015_003_ORDER_HISTORY3">
        <test-method is-config="true" signature="setup()[pri:0, instance:TS_015_ORDER_HISTORY.TS_015_003_ORDER_HISTORY3@2462cb01]" started-at="2024-05-07T15:50:11 IST" name="setup" finished-at="2024-05-07T15:50:19 IST" duration-ms="7298" status="PASS">
          <reporter-output>
          </reporter-output>
        </test-method> <!-- setup -->
        <test-method signature="logging_valid_credentials_TC_LF_001()[pri:0, instance:TS_015_ORDER_HISTORY.TS_015_003_ORDER_HISTORY3@2462cb01]" started-at="2024-05-07T15:50:19 IST" name="logging_valid_credentials_TC_LF_001" finished-at="2024-05-07T15:50:19 IST" duration-ms="8" status="PASS">
          <reporter-output>
            <line>
              <![CDATA[method namelogging_valid_credentials_TC_LF_001]]>
            </line>
            <line>
              <![CDATA[method status1]]>
            </line>
          </reporter-output>
        </test-method> <!-- logging_valid_credentials_TC_LF_001 -->
        <test-method is-config="true" signature="teardown()[pri:0, instance:TS_015_ORDER_HISTORY.TS_015_003_ORDER_HISTORY3@2462cb01]" started-at="2024-05-07T15:50:19 IST" name="teardown" finished-at="2024-05-07T15:50:19 IST" duration-ms="1" status="PASS">
          <reporter-output>
          </reporter-output>
        </test-method> <!-- teardown -->
        <test-method is-config="true" signature="setup()[pri:0, instance:TS_015_ORDER_HISTORY.TS_015_003_ORDER_HISTORY3@2462cb01]" started-at="2024-05-07T15:50:19 IST" name="setup" finished-at="2024-05-07T15:50:21 IST" duration-ms="2542" status="PASS">
          <reporter-output>
          </reporter-output>
        </test-method> <!-- setup -->
        <test-method signature="order_DISPLAYED_002()[pri:0, instance:TS_015_ORDER_HISTORY.TS_015_003_ORDER_HISTORY3@2462cb01]" started-at="2024-05-07T15:50:21 IST" name="order_DISPLAYED_002" finished-at="2024-05-07T15:50:21 IST" duration-ms="5" status="PASS">
          <reporter-output>
            <line>
              <![CDATA[method nameorder_DISPLAYED_002]]>
            </line>
            <line>
              <![CDATA[method status1]]>
            </line>
          </reporter-output>
        </test-method> <!-- order_DISPLAYED_002 -->
        <test-method is-config="true" signature="teardown()[pri:0, instance:TS_015_ORDER_HISTORY.TS_015_003_ORDER_HISTORY3@2462cb01]" started-at="2024-05-07T15:50:21 IST" name="teardown" finished-at="2024-05-07T15:50:21 IST" duration-ms="1" status="PASS">
          <reporter-output>
          </reporter-output>
        </test-method> <!-- teardown -->
      </class> <!-- TS_015_ORDER_HISTORY.TS_015_003_ORDER_HISTORY3 -->
      <class name="TS_015_ORDER_HISTORY.TS_015_004_ORDER_HISTORY4">
        <test-method is-config="true" signature="setup()[pri:0, instance:TS_015_ORDER_HISTORY.TS_015_004_ORDER_HISTORY4@c667f46]" started-at="2024-05-07T15:49:19 IST" name="setup" finished-at="2024-05-07T15:49:27 IST" duration-ms="8151" status="PASS">
          <reporter-output>
          </reporter-output>
        </test-method> <!-- setup -->
        <test-method signature="logging_valid_credentials_TC_LF_001()[pri:0, instance:TS_015_ORDER_HISTORY.TS_015_004_ORDER_HISTORY4@c667f46]" started-at="2024-05-07T15:49:27 IST" name="logging_valid_credentials_TC_LF_001" finished-at="2024-05-07T15:49:27 IST" duration-ms="3" status="PASS">
          <reporter-output>
            <line>
              <![CDATA[method namelogging_valid_credentials_TC_LF_001]]>
            </line>
            <line>
              <![CDATA[method status1]]>
            </line>
          </reporter-output>
        </test-method> <!-- logging_valid_credentials_TC_LF_001 -->
        <test-method is-config="true" signature="teardown()[pri:0, instance:TS_015_ORDER_HISTORY.TS_015_004_ORDER_HISTORY4@c667f46]" started-at="2024-05-07T15:49:27 IST" name="teardown" finished-at="2024-05-07T15:49:27 IST" duration-ms="1" status="PASS">
          <reporter-output>
          </reporter-output>
        </test-method> <!-- teardown -->
        <test-method is-config="true" signature="setup()[pri:0, instance:TS_015_ORDER_HISTORY.TS_015_004_ORDER_HISTORY4@c667f46]" started-at="2024-05-07T15:49:27 IST" name="setup" finished-at="2024-05-07T15:49:37 IST" duration-ms="10034" status="PASS">
          <reporter-output>
          </reporter-output>
        </test-method> <!-- setup -->
        <test-method signature="order_DISPLAYED_002()[pri:0, instance:TS_015_ORDER_HISTORY.TS_015_004_ORDER_HISTORY4@c667f46]" started-at="2024-05-07T15:49:37 IST" name="order_DISPLAYED_002" finished-at="2024-05-07T15:49:37 IST" duration-ms="4" status="PASS">
          <reporter-output>
            <line>
              <![CDATA[method nameorder_DISPLAYED_002]]>
            </line>
            <line>
              <![CDATA[method status1]]>
            </line>
          </reporter-output>
        </test-method> <!-- order_DISPLAYED_002 -->
        <test-method is-config="true" signature="teardown()[pri:0, instance:TS_015_ORDER_HISTORY.TS_015_004_ORDER_HISTORY4@c667f46]" started-at="2024-05-07T15:49:37 IST" name="teardown" finished-at="2024-05-07T15:49:37 IST" duration-ms="0" status="PASS">
          <reporter-output>
          </reporter-output>
        </test-method> <!-- teardown -->
      </class> <!-- TS_015_ORDER_HISTORY.TS_015_004_ORDER_HISTORY4 -->
      <class name="TS_015_ORDER_HISTORY.TS_015_005_ORDER_HISTORY5">
        <test-method is-config="true" signature="setup()[pri:0, instance:TS_015_ORDER_HISTORY.TS_015_005_ORDER_HISTORY5@41488b16]" started-at="2024-05-07T15:49:06 IST" name="setup" finished-at="2024-05-07T15:49:14 IST" duration-ms="7197" status="PASS">
          <reporter-output>
          </reporter-output>
        </test-method> <!-- setup -->
        <test-method signature="logging_valid_credentials_TC_LF_001()[pri:0, instance:TS_015_ORDER_HISTORY.TS_015_005_ORDER_HISTORY5@41488b16]" started-at="2024-05-07T15:49:14 IST" name="logging_valid_credentials_TC_LF_001" finished-at="2024-05-07T15:49:14 IST" duration-ms="13" status="PASS">
          <reporter-output>
            <line>
              <![CDATA[method namelogging_valid_credentials_TC_LF_001]]>
            </line>
            <line>
              <![CDATA[method status1]]>
            </line>
          </reporter-output>
        </test-method> <!-- logging_valid_credentials_TC_LF_001 -->
        <test-method is-config="true" signature="teardown()[pri:0, instance:TS_015_ORDER_HISTORY.TS_015_005_ORDER_HISTORY5@41488b16]" started-at="2024-05-07T15:49:14 IST" name="teardown" finished-at="2024-05-07T15:49:14 IST" duration-ms="1" status="PASS">
          <reporter-output>
          </reporter-output>
        </test-method> <!-- teardown -->
        <test-method is-config="true" signature="setup()[pri:0, instance:TS_015_ORDER_HISTORY.TS_015_005_ORDER_HISTORY5@41488b16]" started-at="2024-05-07T15:49:14 IST" name="setup" finished-at="2024-05-07T15:49:19 IST" duration-ms="5354" status="PASS">
          <reporter-output>
          </reporter-output>
        </test-method> <!-- setup -->
        <test-method signature="order_DISPLAYED_002()[pri:0, instance:TS_015_ORDER_HISTORY.TS_015_005_ORDER_HISTORY5@41488b16]" started-at="2024-05-07T15:49:19 IST" name="order_DISPLAYED_002" finished-at="2024-05-07T15:49:19 IST" duration-ms="2" status="PASS">
          <reporter-output>
            <line>
              <![CDATA[method nameorder_DISPLAYED_002]]>
            </line>
            <line>
              <![CDATA[method status1]]>
            </line>
          </reporter-output>
        </test-method> <!-- order_DISPLAYED_002 -->
        <test-method is-config="true" signature="teardown()[pri:0, instance:TS_015_ORDER_HISTORY.TS_015_005_ORDER_HISTORY5@41488b16]" started-at="2024-05-07T15:49:19 IST" name="teardown" finished-at="2024-05-07T15:49:19 IST" duration-ms="0" status="PASS">
          <reporter-output>
          </reporter-output>
        </test-method> <!-- teardown -->
      </class> <!-- TS_015_ORDER_HISTORY.TS_015_005_ORDER_HISTORY5 -->
      <class name="TS_015_ORDER_HISTORY.TS_015_006_ORDER_HISTORY6">
        <test-method is-config="true" signature="setup()[pri:0, instance:TS_015_ORDER_HISTORY.TS_015_006_ORDER_HISTORY6@7b50df34]" started-at="2024-05-07T15:49:53 IST" name="setup" finished-at="2024-05-07T15:49:58 IST" duration-ms="4876" status="PASS">
          <reporter-output>
          </reporter-output>
        </test-method> <!-- setup -->
        <test-method signature="logging_valid_credentials_TC_LF_001()[pri:0, instance:TS_015_ORDER_HISTORY.TS_015_006_ORDER_HISTORY6@7b50df34]" started-at="2024-05-07T15:49:58 IST" name="logging_valid_credentials_TC_LF_001" finished-at="2024-05-07T15:49:58 IST" duration-ms="2" status="PASS">
          <reporter-output>
            <line>
              <![CDATA[method namelogging_valid_credentials_TC_LF_001]]>
            </line>
            <line>
              <![CDATA[method status1]]>
            </line>
          </reporter-output>
        </test-method> <!-- logging_valid_credentials_TC_LF_001 -->
        <test-method is-config="true" signature="teardown()[pri:0, instance:TS_015_ORDER_HISTORY.TS_015_006_ORDER_HISTORY6@7b50df34]" started-at="2024-05-07T15:49:58 IST" name="teardown" finished-at="2024-05-07T15:49:58 IST" duration-ms="0" status="PASS">
          <reporter-output>
          </reporter-output>
        </test-method> <!-- teardown -->
        <test-method is-config="true" signature="setup()[pri:0, instance:TS_015_ORDER_HISTORY.TS_015_006_ORDER_HISTORY6@7b50df34]" started-at="2024-05-07T15:49:58 IST" name="setup" finished-at="2024-05-07T15:50:04 IST" duration-ms="5163" status="PASS">
          <reporter-output>
          </reporter-output>
        </test-method> <!-- setup -->
        <test-method signature="validate_ui()[pri:0, instance:TS_015_ORDER_HISTORY.TS_015_006_ORDER_HISTORY6@7b50df34]" started-at="2024-05-07T15:50:04 IST" name="validate_ui" finished-at="2024-05-07T15:50:04 IST" duration-ms="3" status="PASS">
          <reporter-output>
            <line>
              <![CDATA[method namevalidate_ui]]>
            </line>
            <line>
              <![CDATA[method status1]]>
            </line>
          </reporter-output>
        </test-method> <!-- validate_ui -->
        <test-method is-config="true" signature="teardown()[pri:0, instance:TS_015_ORDER_HISTORY.TS_015_006_ORDER_HISTORY6@7b50df34]" started-at="2024-05-07T15:50:04 IST" name="teardown" finished-at="2024-05-07T15:50:04 IST" duration-ms="1" status="PASS">
          <reporter-output>
          </reporter-output>
        </test-method> <!-- teardown -->
      </class> <!-- TS_015_ORDER_HISTORY.TS_015_006_ORDER_HISTORY6 -->
      <class name="TS_015_ORDER_HISTORY.TS_015_007_ORDER_HISTORY6">
        <test-method is-config="true" signature="setup()[pri:0, instance:TS_015_ORDER_HISTORY.TS_015_007_ORDER_HISTORY6@51bd8b5c]" started-at="2024-05-07T15:49:37 IST" name="setup" finished-at="2024-05-07T15:49:43 IST" duration-ms="6182" status="PASS">
          <reporter-output>
          </reporter-output>
        </test-method> <!-- setup -->
        <test-method signature="logging_valid_credentials_TC_LF_001()[pri:0, instance:TS_015_ORDER_HISTORY.TS_015_007_ORDER_HISTORY6@51bd8b5c]" started-at="2024-05-07T15:49:43 IST" name="logging_valid_credentials_TC_LF_001" finished-at="2024-05-07T15:49:43 IST" duration-ms="3" status="PASS">
          <reporter-output>
            <line>
              <![CDATA[method namelogging_valid_credentials_TC_LF_001]]>
            </line>
            <line>
              <![CDATA[method status1]]>
            </line>
          </reporter-output>
        </test-method> <!-- logging_valid_credentials_TC_LF_001 -->
        <test-method is-config="true" signature="teardown()[pri:0, instance:TS_015_ORDER_HISTORY.TS_015_007_ORDER_HISTORY6@51bd8b5c]" started-at="2024-05-07T15:49:43 IST" name="teardown" finished-at="2024-05-07T15:49:43 IST" duration-ms="0" status="PASS">
          <reporter-output>
          </reporter-output>
        </test-method> <!-- teardown -->
        <test-method is-config="true" signature="setup()[pri:0, instance:TS_015_ORDER_HISTORY.TS_015_007_ORDER_HISTORY6@51bd8b5c]" started-at="2024-05-07T15:49:43 IST" name="setup" finished-at="2024-05-07T15:49:53 IST" duration-ms="10006" status="PASS">
          <reporter-output>
          </reporter-output>
        </test-method> <!-- setup -->
        <test-method signature="supported_env()[pri:0, instance:TS_015_ORDER_HISTORY.TS_015_007_ORDER_HISTORY6@51bd8b5c]" started-at="2024-05-07T15:49:53 IST" name="supported_env" finished-at="2024-05-07T15:49:53 IST" duration-ms="3" status="PASS">
          <reporter-output>
            <line>
              <![CDATA[method namesupported_env]]>
            </line>
            <line>
              <![CDATA[method status1]]>
            </line>
          </reporter-output>
        </test-method> <!-- supported_env -->
        <test-method is-config="true" signature="teardown()[pri:0, instance:TS_015_ORDER_HISTORY.TS_015_007_ORDER_HISTORY6@51bd8b5c]" started-at="2024-05-07T15:49:53 IST" name="teardown" finished-at="2024-05-07T15:49:53 IST" duration-ms="0" status="PASS">
          <reporter-output>
          </reporter-output>
        </test-method> <!-- teardown -->
      </class> <!-- TS_015_ORDER_HISTORY.TS_015_007_ORDER_HISTORY6 -->
      <class name="TS_015_ORDER_HISTORY.TS_015_001_ORDER_HISTORY">
        <test-method is-config="true" signature="setup()[pri:0, instance:TS_015_ORDER_HISTORY.TS_015_001_ORDER_HISTORY@1b410b60]" started-at="2024-05-07T15:50:04 IST" name="setup" finished-at="2024-05-07T15:50:10 IST" duration-ms="6056" status="PASS">
          <reporter-output>
          </reporter-output>
        </test-method> <!-- setup -->
        <test-method signature="logging_valid_credentials_TC_LF_001()[pri:0, instance:TS_015_ORDER_HISTORY.TS_015_001_ORDER_HISTORY@1b410b60]" started-at="2024-05-07T15:50:10 IST" name="logging_valid_credentials_TC_LF_001" finished-at="2024-05-07T15:50:10 IST" duration-ms="2" status="PASS">
          <reporter-output>
            <line>
              <![CDATA[method namelogging_valid_credentials_TC_LF_001]]>
            </line>
            <line>
              <![CDATA[method status1]]>
            </line>
          </reporter-output>
        </test-method> <!-- logging_valid_credentials_TC_LF_001 -->
        <test-method is-config="true" signature="teardown()[pri:0, instance:TS_015_ORDER_HISTORY.TS_015_001_ORDER_HISTORY@1b410b60]" started-at="2024-05-07T15:50:10 IST" name="teardown" finished-at="2024-05-07T15:50:10 IST" duration-ms="1" status="PASS">
          <reporter-output>
          </reporter-output>
        </test-method> <!-- teardown -->
        <test-method is-config="true" signature="setup()[pri:0, instance:TS_015_ORDER_HISTORY.TS_015_001_ORDER_HISTORY@1b410b60]" started-at="2024-05-07T15:50:10 IST" name="setup" finished-at="2024-05-07T15:50:11 IST" duration-ms="1869" status="PASS">
          <reporter-output>
          </reporter-output>
        </test-method> <!-- setup -->
        <test-method signature="navigate_to_order_history_001()[pri:0, instance:TS_015_ORDER_HISTORY.TS_015_001_ORDER_HISTORY@1b410b60]" started-at="2024-05-07T15:50:11 IST" name="navigate_to_order_history_001" finished-at="2024-05-07T15:50:11 IST" duration-ms="8" status="PASS">
          <reporter-output>
            <line>
              <![CDATA[method namenavigate_to_order_history_001]]>
            </line>
            <line>
              <![CDATA[method status1]]>
            </line>
          </reporter-output>
        </test-method> <!-- navigate_to_order_history_001 -->
        <test-method is-config="true" signature="teardown()[pri:0, instance:TS_015_ORDER_HISTORY.TS_015_001_ORDER_HISTORY@1b410b60]" started-at="2024-05-07T15:50:11 IST" name="teardown" finished-at="2024-05-07T15:50:11 IST" duration-ms="9" status="PASS">
          <reporter-output>
          </reporter-output>
        </test-method> <!-- teardown -->
      </class> <!-- TS_015_ORDER_HISTORY.TS_015_001_ORDER_HISTORY -->
      <class name="TS_015_ORDER_HISTORY.TS_015_002_ORDER_HISTORY2">
        <test-method is-config="true" signature="setup()[pri:0, instance:TS_015_ORDER_HISTORY.TS_015_002_ORDER_HISTORY2@19b843ba]" started-at="2024-05-07T15:50:21 IST" name="setup" finished-at="2024-05-07T15:50:48 IST" duration-ms="26368" status="PASS">
          <reporter-output>
          </reporter-output>
        </test-method> <!-- setup -->
        <test-method signature="logging_valid_credentials_TC_LF_001()[pri:0, instance:TS_015_ORDER_HISTORY.TS_015_002_ORDER_HISTORY2@19b843ba]" started-at="2024-05-07T15:50:48 IST" name="logging_valid_credentials_TC_LF_001" finished-at="2024-05-07T15:50:48 IST" duration-ms="3" status="PASS">
          <reporter-output>
            <line>
              <![CDATA[method namelogging_valid_credentials_TC_LF_001]]>
            </line>
            <line>
              <![CDATA[method status1]]>
            </line>
          </reporter-output>
        </test-method> <!-- logging_valid_credentials_TC_LF_001 -->
        <test-method is-config="true" signature="teardown()[pri:0, instance:TS_015_ORDER_HISTORY.TS_015_002_ORDER_HISTORY2@19b843ba]" started-at="2024-05-07T15:50:48 IST" name="teardown" finished-at="2024-05-07T15:50:48 IST" duration-ms="1" status="PASS">
          <reporter-output>
          </reporter-output>
        </test-method> <!-- teardown -->
        <test-method is-config="true" signature="setup()[pri:0, instance:TS_015_ORDER_HISTORY.TS_015_002_ORDER_HISTORY2@19b843ba]" started-at="2024-05-07T15:50:48 IST" name="setup" finished-at="2024-05-07T15:50:54 IST" duration-ms="5989" status="PASS">
          <reporter-output>
          </reporter-output>
        </test-method> <!-- setup -->
        <test-method signature="order_DISPLAYED_002()[pri:0, instance:TS_015_ORDER_HISTORY.TS_015_002_ORDER_HISTORY2@19b843ba]" started-at="2024-05-07T15:50:54 IST" name="order_DISPLAYED_002" finished-at="2024-05-07T15:50:54 IST" duration-ms="4" status="PASS">
          <reporter-output>
            <line>
              <![CDATA[method nameorder_DISPLAYED_002]]>
            </line>
            <line>
              <![CDATA[method status1]]>
            </line>
          </reporter-output>
        </test-method> <!-- order_DISPLAYED_002 -->
        <test-method is-config="true" signature="teardown()[pri:0, instance:TS_015_ORDER_HISTORY.TS_015_002_ORDER_HISTORY2@19b843ba]" started-at="2024-05-07T15:50:54 IST" name="teardown" finished-at="2024-05-07T15:50:54 IST" duration-ms="0" status="PASS">
          <reporter-output>
          </reporter-output>
        </test-method> <!-- teardown -->
      </class> <!-- TS_015_ORDER_HISTORY.TS_015_002_ORDER_HISTORY2 -->
    </test> <!-- Test -->
  </suite> <!-- Suite -->
</testng-results>
