<?xml version="1.0" encoding="UTF-8"?>
<!-- Generated by org.testng.reporters.JUnitXMLReporter -->
<testsuite ignored="2" hostname="DELL" failures="0" tests="1" name="Default test" time="3.645" errors="0" timestamp="2024-05-07T14:27:20 IST">
  <testcase classname="TS_012_CHANGE_PASSWORD.TC_002_CHANGE_PASSWORD_FUNCTIONALITY2" name="validate_change_password" time="0.005"/>
  <testcase classname="TS_012_CHANGE_PASSWORD.TC_001_CHANGE_PASSWORD_FUNCTIONALITY" name="navigate_to_change_password_page" time="0.0">
    <ignored/>
  </testcase> <!-- navigate_to_change_password_page -->
  <testcase classname="TS_002_LOGIN_FUNCTIONALITY.TC_LF_001_LOGIN_FUNCTIONALITY" name="logging_valid_credentials_TC_LF_001" time="0.0">
    <ignored/>
  </testcase> <!-- logging_valid_credentials_TC_LF_001 -->
</testsuite> <!-- Default test -->
