<?xml version="1.0" encoding="UTF-8"?>
<testng-results ignored="0" total="15" passed="15" failed="0" skipped="0">
  <reporter-output>
    <line>
      <![CDATA[method namenavigate_to_change_password_page]]>
    </line>
    <line>
      <![CDATA[method status1]]>
    </line>
    <line>
      <![CDATA[method namevalidate_change_password_toggle_hide]]>
    </line>
    <line>
      <![CDATA[method status1]]>
    </line>
    <line>
      <![CDATA[method namelogging_valid_credentials_TC_LF_001]]>
    </line>
    <line>
      <![CDATA[method status1]]>
    </line>
    <line>
      <![CDATA[method namenavigate_to_change_password_page]]>
    </line>
    <line>
      <![CDATA[method status1]]>
    </line>
    <line>
      <![CDATA[method namevalidate_change_password_back_button]]>
    </line>
    <line>
      <![CDATA[method status1]]>
    </line>
    <line>
      <![CDATA[method namelogging_valid_credentials_TC_LF_001]]>
    </line>
    <line>
      <![CDATA[method status1]]>
    </line>
    <line>
      <![CDATA[method namenavigate_to_change_password_page]]>
    </line>
    <line>
      <![CDATA[method status1]]>
    </line>
    <line>
      <![CDATA[method nameUi_enter_change_password]]>
    </line>
    <line>
      <![CDATA[method status1]]>
    </line>
    <line>
      <![CDATA[method namelogging_valid_credentials_TC_LF_001]]>
    </line>
    <line>
      <![CDATA[method status1]]>
    </line>
    <line>
      <![CDATA[method namenavigate_to_change_password_page]]>
    </line>
    <line>
      <![CDATA[method status1]]>
    </line>
    <line>
      <![CDATA[method namevalidate_title_url]]>
    </line>
    <line>
      <![CDATA[method status1]]>
    </line>
    <line>
      <![CDATA[method namelogging_valid_credentials_TC_LF_001]]>
    </line>
    <line>
      <![CDATA[method status1]]>
    </line>
    <line>
      <![CDATA[method namenavigate_to_change_password_page]]>
    </line>
    <line>
      <![CDATA[method status1]]>
    </line>
    <line>
      <![CDATA[method nameenvironment_support_change_password]]>
    </line>
    <line>
      <![CDATA[method status1]]>
    </line>
    <line>
      <![CDATA[method namelogging_valid_credentials_TC_LF_001]]>
    </line>
    <line>
      <![CDATA[method status1]]>
    </line>
  </reporter-output>
  <suite started-at="2024-05-07T14:34:45 IST" name="Suite" finished-at="2024-05-07T14:37:06 IST" duration-ms="141363">
    <groups>
    </groups>
    <test started-at="2024-05-07T14:34:45 IST" name="Test" finished-at="2024-05-07T14:37:06 IST" duration-ms="141363">
      <class name="TS_012_CHANGE_PASSWORD.TC_010_CHANGE_PASSWORD_FUNCTIONALITY5">
        <test-method is-config="true" signature="setup()[pri:0, instance:TS_012_CHANGE_PASSWORD.TC_010_CHANGE_PASSWORD_FUNCTIONALITY5@2462cb01]" started-at="2024-05-07T14:36:25 IST" name="setup" finished-at="2024-05-07T14:36:34 IST" duration-ms="8628" status="PASS">
          <reporter-output>
          </reporter-output>
        </test-method> <!-- setup -->
        <test-method signature="navigate_to_change_password_page()[pri:0, instance:TS_012_CHANGE_PASSWORD.TC_010_CHANGE_PASSWORD_FUNCTIONALITY5@2462cb01]" started-at="2024-05-07T14:36:34 IST" name="navigate_to_change_password_page" finished-at="2024-05-07T14:36:34 IST" duration-ms="10" status="PASS">
          <reporter-output>
            <line>
              <![CDATA[method namenavigate_to_change_password_page]]>
            </line>
            <line>
              <![CDATA[method status1]]>
            </line>
          </reporter-output>
        </test-method> <!-- navigate_to_change_password_page -->
        <test-method is-config="true" signature="teardown()[pri:0, instance:TS_012_CHANGE_PASSWORD.TC_010_CHANGE_PASSWORD_FUNCTIONALITY5@2462cb01]" started-at="2024-05-07T14:36:34 IST" name="teardown" finished-at="2024-05-07T14:36:34 IST" duration-ms="2" status="PASS">
          <reporter-output>
          </reporter-output>
        </test-method> <!-- teardown -->
        <test-method is-config="true" signature="setup()[pri:0, instance:TS_012_CHANGE_PASSWORD.TC_010_CHANGE_PASSWORD_FUNCTIONALITY5@2462cb01]" started-at="2024-05-07T14:36:34 IST" name="setup" finished-at="2024-05-07T14:36:46 IST" duration-ms="12408" status="PASS">
          <reporter-output>
          </reporter-output>
        </test-method> <!-- setup -->
        <test-method signature="environment_support_change_password()[pri:0, instance:TS_012_CHANGE_PASSWORD.TC_010_CHANGE_PASSWORD_FUNCTIONALITY5@2462cb01]" started-at="2024-05-07T14:36:46 IST" name="environment_support_change_password" finished-at="2024-05-07T14:36:46 IST" duration-ms="11" status="PASS">
          <reporter-output>
            <line>
              <![CDATA[method nameenvironment_support_change_password]]>
            </line>
            <line>
              <![CDATA[method status1]]>
            </line>
          </reporter-output>
        </test-method> <!-- environment_support_change_password -->
        <test-method is-config="true" signature="teardown()[pri:0, instance:TS_012_CHANGE_PASSWORD.TC_010_CHANGE_PASSWORD_FUNCTIONALITY5@2462cb01]" started-at="2024-05-07T14:36:46 IST" name="teardown" finished-at="2024-05-07T14:36:46 IST" duration-ms="29" status="PASS">
          <reporter-output>
          </reporter-output>
        </test-method> <!-- teardown -->
        <test-method is-config="true" signature="setup()[pri:0, instance:TS_012_CHANGE_PASSWORD.TC_010_CHANGE_PASSWORD_FUNCTIONALITY5@2462cb01]" started-at="2024-05-07T14:36:46 IST" name="setup" finished-at="2024-05-07T14:36:49 IST" duration-ms="2610" status="PASS">
          <reporter-output>
          </reporter-output>
        </test-method> <!-- setup -->
        <test-method signature="logging_valid_credentials_TC_LF_001()[pri:0, instance:TS_012_CHANGE_PASSWORD.TC_010_CHANGE_PASSWORD_FUNCTIONALITY5@2462cb01]" started-at="2024-05-07T14:36:49 IST" name="logging_valid_credentials_TC_LF_001" finished-at="2024-05-07T14:37:06 IST" duration-ms="17081" status="PASS">
          <reporter-output>
            <line>
              <![CDATA[method namelogging_valid_credentials_TC_LF_001]]>
            </line>
            <line>
              <![CDATA[method status1]]>
            </line>
          </reporter-output>
        </test-method> <!-- logging_valid_credentials_TC_LF_001 -->
        <test-method is-config="true" signature="teardown()[pri:0, instance:TS_012_CHANGE_PASSWORD.TC_010_CHANGE_PASSWORD_FUNCTIONALITY5@2462cb01]" started-at="2024-05-07T14:37:06 IST" name="teardown" finished-at="2024-05-07T14:37:06 IST" duration-ms="0" status="PASS">
          <reporter-output>
          </reporter-output>
        </test-method> <!-- teardown -->
      </class> <!-- TS_012_CHANGE_PASSWORD.TC_010_CHANGE_PASSWORD_FUNCTIONALITY5 -->
      <class name="TS_012_CHANGE_PASSWORD.TC_009_CHANGE_PASSWORD_FUNCTIONALITY5">
        <test-method is-config="true" signature="setup()[pri:0, instance:TS_012_CHANGE_PASSWORD.TC_009_CHANGE_PASSWORD_FUNCTIONALITY5@7b50df34]" started-at="2024-05-07T14:35:41 IST" name="setup" finished-at="2024-05-07T14:35:45 IST" duration-ms="4571" status="PASS">
          <reporter-output>
          </reporter-output>
        </test-method> <!-- setup -->
        <test-method signature="navigate_to_change_password_page()[pri:0, instance:TS_012_CHANGE_PASSWORD.TC_009_CHANGE_PASSWORD_FUNCTIONALITY5@7b50df34]" started-at="2024-05-07T14:35:45 IST" name="navigate_to_change_password_page" finished-at="2024-05-07T14:35:45 IST" duration-ms="1" status="PASS">
          <reporter-output>
            <line>
              <![CDATA[method namenavigate_to_change_password_page]]>
            </line>
            <line>
              <![CDATA[method status1]]>
            </line>
          </reporter-output>
        </test-method> <!-- navigate_to_change_password_page -->
        <test-method is-config="true" signature="teardown()[pri:0, instance:TS_012_CHANGE_PASSWORD.TC_009_CHANGE_PASSWORD_FUNCTIONALITY5@7b50df34]" started-at="2024-05-07T14:35:45 IST" name="teardown" finished-at="2024-05-07T14:35:45 IST" duration-ms="1" status="PASS">
          <reporter-output>
          </reporter-output>
        </test-method> <!-- teardown -->
        <test-method is-config="true" signature="setup()[pri:0, instance:TS_012_CHANGE_PASSWORD.TC_009_CHANGE_PASSWORD_FUNCTIONALITY5@7b50df34]" started-at="2024-05-07T14:35:45 IST" name="setup" finished-at="2024-05-07T14:35:47 IST" duration-ms="2110" status="PASS">
          <reporter-output>
          </reporter-output>
        </test-method> <!-- setup -->
        <test-method signature="Ui_enter_change_password()[pri:0, instance:TS_012_CHANGE_PASSWORD.TC_009_CHANGE_PASSWORD_FUNCTIONALITY5@7b50df34]" started-at="2024-05-07T14:35:47 IST" name="Ui_enter_change_password" finished-at="2024-05-07T14:35:47 IST" duration-ms="6" status="PASS">
          <reporter-output>
            <line>
              <![CDATA[method nameUi_enter_change_password]]>
            </line>
            <line>
              <![CDATA[method status1]]>
            </line>
          </reporter-output>
        </test-method> <!-- Ui_enter_change_password -->
        <test-method is-config="true" signature="teardown()[pri:0, instance:TS_012_CHANGE_PASSWORD.TC_009_CHANGE_PASSWORD_FUNCTIONALITY5@7b50df34]" started-at="2024-05-07T14:35:47 IST" name="teardown" finished-at="2024-05-07T14:35:47 IST" duration-ms="0" status="PASS">
          <reporter-output>
          </reporter-output>
        </test-method> <!-- teardown -->
        <test-method is-config="true" signature="setup()[pri:0, instance:TS_012_CHANGE_PASSWORD.TC_009_CHANGE_PASSWORD_FUNCTIONALITY5@7b50df34]" started-at="2024-05-07T14:35:47 IST" name="setup" finished-at="2024-05-07T14:35:56 IST" duration-ms="8635" status="PASS">
          <reporter-output>
          </reporter-output>
        </test-method> <!-- setup -->
        <test-method signature="logging_valid_credentials_TC_LF_001()[pri:0, instance:TS_012_CHANGE_PASSWORD.TC_009_CHANGE_PASSWORD_FUNCTIONALITY5@7b50df34]" started-at="2024-05-07T14:35:56 IST" name="logging_valid_credentials_TC_LF_001" finished-at="2024-05-07T14:36:00 IST" duration-ms="4375" status="PASS">
          <reporter-output>
            <line>
              <![CDATA[method namelogging_valid_credentials_TC_LF_001]]>
            </line>
            <line>
              <![CDATA[method status1]]>
            </line>
          </reporter-output>
        </test-method> <!-- logging_valid_credentials_TC_LF_001 -->
        <test-method is-config="true" signature="teardown()[pri:0, instance:TS_012_CHANGE_PASSWORD.TC_009_CHANGE_PASSWORD_FUNCTIONALITY5@7b50df34]" started-at="2024-05-07T14:36:00 IST" name="teardown" finished-at="2024-05-07T14:36:00 IST" duration-ms="0" status="PASS">
          <reporter-output>
          </reporter-output>
        </test-method> <!-- teardown -->
      </class> <!-- TS_012_CHANGE_PASSWORD.TC_009_CHANGE_PASSWORD_FUNCTIONALITY5 -->
      <class name="TS_012_CHANGE_PASSWORD.TC_008_CHANGE_PASSWORD_FUNCTIONALITY4">
        <test-method is-config="true" signature="setup()[pri:0, instance:TS_012_CHANGE_PASSWORD.TC_008_CHANGE_PASSWORD_FUNCTIONALITY4@1b410b60]" started-at="2024-05-07T14:36:00 IST" name="setup" finished-at="2024-05-07T14:36:03 IST" duration-ms="2537" status="PASS">
          <reporter-output>
          </reporter-output>
        </test-method> <!-- setup -->
        <test-method signature="navigate_to_change_password_page()[pri:0, instance:TS_012_CHANGE_PASSWORD.TC_008_CHANGE_PASSWORD_FUNCTIONALITY4@1b410b60]" started-at="2024-05-07T14:36:03 IST" name="navigate_to_change_password_page" finished-at="2024-05-07T14:36:03 IST" duration-ms="2" status="PASS">
          <reporter-output>
            <line>
              <![CDATA[method namenavigate_to_change_password_page]]>
            </line>
            <line>
              <![CDATA[method status1]]>
            </line>
          </reporter-output>
        </test-method> <!-- navigate_to_change_password_page -->
        <test-method is-config="true" signature="teardown()[pri:0, instance:TS_012_CHANGE_PASSWORD.TC_008_CHANGE_PASSWORD_FUNCTIONALITY4@1b410b60]" started-at="2024-05-07T14:36:03 IST" name="teardown" finished-at="2024-05-07T14:36:03 IST" duration-ms="3" status="PASS">
          <reporter-output>
          </reporter-output>
        </test-method> <!-- teardown -->
        <test-method is-config="true" signature="setup()[pri:0, instance:TS_012_CHANGE_PASSWORD.TC_008_CHANGE_PASSWORD_FUNCTIONALITY4@1b410b60]" started-at="2024-05-07T14:36:03 IST" name="setup" finished-at="2024-05-07T14:36:10 IST" duration-ms="7270" status="PASS">
          <reporter-output>
          </reporter-output>
        </test-method> <!-- setup -->
        <test-method signature="validate_title_url()[pri:0, instance:TS_012_CHANGE_PASSWORD.TC_008_CHANGE_PASSWORD_FUNCTIONALITY4@1b410b60]" started-at="2024-05-07T14:36:10 IST" name="validate_title_url" finished-at="2024-05-07T14:36:10 IST" duration-ms="9" status="PASS">
          <reporter-output>
            <line>
              <![CDATA[method namevalidate_title_url]]>
            </line>
            <line>
              <![CDATA[method status1]]>
            </line>
          </reporter-output>
        </test-method> <!-- validate_title_url -->
        <test-method is-config="true" signature="teardown()[pri:0, instance:TS_012_CHANGE_PASSWORD.TC_008_CHANGE_PASSWORD_FUNCTIONALITY4@1b410b60]" started-at="2024-05-07T14:36:10 IST" name="teardown" finished-at="2024-05-07T14:36:10 IST" duration-ms="0" status="PASS">
          <reporter-output>
          </reporter-output>
        </test-method> <!-- teardown -->
        <test-method is-config="true" signature="setup()[pri:0, instance:TS_012_CHANGE_PASSWORD.TC_008_CHANGE_PASSWORD_FUNCTIONALITY4@1b410b60]" started-at="2024-05-07T14:36:10 IST" name="setup" finished-at="2024-05-07T14:36:15 IST" duration-ms="4642" status="PASS">
          <reporter-output>
          </reporter-output>
        </test-method> <!-- setup -->
        <test-method signature="logging_valid_credentials_TC_LF_001()[pri:0, instance:TS_012_CHANGE_PASSWORD.TC_008_CHANGE_PASSWORD_FUNCTIONALITY4@1b410b60]" started-at="2024-05-07T14:36:15 IST" name="logging_valid_credentials_TC_LF_001" finished-at="2024-05-07T14:36:25 IST" duration-ms="10298" status="PASS">
          <reporter-output>
            <line>
              <![CDATA[method namelogging_valid_credentials_TC_LF_001]]>
            </line>
            <line>
              <![CDATA[method status1]]>
            </line>
          </reporter-output>
        </test-method> <!-- logging_valid_credentials_TC_LF_001 -->
        <test-method is-config="true" signature="teardown()[pri:0, instance:TS_012_CHANGE_PASSWORD.TC_008_CHANGE_PASSWORD_FUNCTIONALITY4@1b410b60]" started-at="2024-05-07T14:36:25 IST" name="teardown" finished-at="2024-05-07T14:36:25 IST" duration-ms="0" status="PASS">
          <reporter-output>
          </reporter-output>
        </test-method> <!-- teardown -->
      </class> <!-- TS_012_CHANGE_PASSWORD.TC_008_CHANGE_PASSWORD_FUNCTIONALITY4 -->
      <class name="TS_012_CHANGE_PASSWORD.TC_007_CHANGE_PASSWORD_FUNCTIONALITY4">
        <test-method is-config="true" signature="setup()[pri:0, instance:TS_012_CHANGE_PASSWORD.TC_007_CHANGE_PASSWORD_FUNCTIONALITY4@51bd8b5c]" started-at="2024-05-07T14:35:18 IST" name="setup" finished-at="2024-05-07T14:35:25 IST" duration-ms="7031" status="PASS">
          <reporter-output>
          </reporter-output>
        </test-method> <!-- setup -->
        <test-method signature="navigate_to_change_password_page()[pri:0, instance:TS_012_CHANGE_PASSWORD.TC_007_CHANGE_PASSWORD_FUNCTIONALITY4@51bd8b5c]" started-at="2024-05-07T14:35:25 IST" name="navigate_to_change_password_page" finished-at="2024-05-07T14:35:25 IST" duration-ms="2" status="PASS">
          <reporter-output>
            <line>
              <![CDATA[method namenavigate_to_change_password_page]]>
            </line>
            <line>
              <![CDATA[method status1]]>
            </line>
          </reporter-output>
        </test-method> <!-- navigate_to_change_password_page -->
        <test-method is-config="true" signature="teardown()[pri:0, instance:TS_012_CHANGE_PASSWORD.TC_007_CHANGE_PASSWORD_FUNCTIONALITY4@51bd8b5c]" started-at="2024-05-07T14:35:25 IST" name="teardown" finished-at="2024-05-07T14:35:25 IST" duration-ms="1" status="PASS">
          <reporter-output>
          </reporter-output>
        </test-method> <!-- teardown -->
        <test-method is-config="true" signature="setup()[pri:0, instance:TS_012_CHANGE_PASSWORD.TC_007_CHANGE_PASSWORD_FUNCTIONALITY4@51bd8b5c]" started-at="2024-05-07T14:35:25 IST" name="setup" finished-at="2024-05-07T14:35:28 IST" duration-ms="3348" status="PASS">
          <reporter-output>
          </reporter-output>
        </test-method> <!-- setup -->
        <test-method signature="validate_change_password_back_button()[pri:0, instance:TS_012_CHANGE_PASSWORD.TC_007_CHANGE_PASSWORD_FUNCTIONALITY4@51bd8b5c]" started-at="2024-05-07T14:35:28 IST" name="validate_change_password_back_button" finished-at="2024-05-07T14:35:28 IST" duration-ms="1" status="PASS">
          <reporter-output>
            <line>
              <![CDATA[method namevalidate_change_password_back_button]]>
            </line>
            <line>
              <![CDATA[method status1]]>
            </line>
          </reporter-output>
        </test-method> <!-- validate_change_password_back_button -->
        <test-method is-config="true" signature="teardown()[pri:0, instance:TS_012_CHANGE_PASSWORD.TC_007_CHANGE_PASSWORD_FUNCTIONALITY4@51bd8b5c]" started-at="2024-05-07T14:35:28 IST" name="teardown" finished-at="2024-05-07T14:35:28 IST" duration-ms="1" status="PASS">
          <reporter-output>
          </reporter-output>
        </test-method> <!-- teardown -->
        <test-method is-config="true" signature="setup()[pri:0, instance:TS_012_CHANGE_PASSWORD.TC_007_CHANGE_PASSWORD_FUNCTIONALITY4@51bd8b5c]" started-at="2024-05-07T14:35:28 IST" name="setup" finished-at="2024-05-07T14:35:36 IST" duration-ms="8221" status="PASS">
          <reporter-output>
          </reporter-output>
        </test-method> <!-- setup -->
        <test-method signature="logging_valid_credentials_TC_LF_001()[pri:0, instance:TS_012_CHANGE_PASSWORD.TC_007_CHANGE_PASSWORD_FUNCTIONALITY4@51bd8b5c]" started-at="2024-05-07T14:35:36 IST" name="logging_valid_credentials_TC_LF_001" finished-at="2024-05-07T14:35:41 IST" duration-ms="4511" status="PASS">
          <reporter-output>
            <line>
              <![CDATA[method namelogging_valid_credentials_TC_LF_001]]>
            </line>
            <line>
              <![CDATA[method status1]]>
            </line>
          </reporter-output>
        </test-method> <!-- logging_valid_credentials_TC_LF_001 -->
        <test-method is-config="true" signature="teardown()[pri:0, instance:TS_012_CHANGE_PASSWORD.TC_007_CHANGE_PASSWORD_FUNCTIONALITY4@51bd8b5c]" started-at="2024-05-07T14:35:41 IST" name="teardown" finished-at="2024-05-07T14:35:41 IST" duration-ms="2" status="PASS">
          <reporter-output>
          </reporter-output>
        </test-method> <!-- teardown -->
      </class> <!-- TS_012_CHANGE_PASSWORD.TC_007_CHANGE_PASSWORD_FUNCTIONALITY4 -->
      <class name="TS_012_CHANGE_PASSWORD.TC_006_CHANGE_PASSWORD_FUNCTIONALITY3">
        <test-method is-config="true" signature="setup()[pri:0, instance:TS_012_CHANGE_PASSWORD.TC_006_CHANGE_PASSWORD_FUNCTIONALITY3@a8ef162]" started-at="2024-05-07T14:34:45 IST" name="setup" finished-at="2024-05-07T14:34:58 IST" duration-ms="12968" status="PASS">
          <reporter-output>
          </reporter-output>
        </test-method> <!-- setup -->
        <test-method signature="navigate_to_change_password_page()[pri:0, instance:TS_012_CHANGE_PASSWORD.TC_006_CHANGE_PASSWORD_FUNCTIONALITY3@a8ef162]" started-at="2024-05-07T14:34:58 IST" name="navigate_to_change_password_page" finished-at="2024-05-07T14:34:58 IST" duration-ms="10" status="PASS">
          <reporter-output>
            <line>
              <![CDATA[method namenavigate_to_change_password_page]]>
            </line>
            <line>
              <![CDATA[method status1]]>
            </line>
          </reporter-output>
        </test-method> <!-- navigate_to_change_password_page -->
        <test-method is-config="true" signature="teardown()[pri:0, instance:TS_012_CHANGE_PASSWORD.TC_006_CHANGE_PASSWORD_FUNCTIONALITY3@a8ef162]" started-at="2024-05-07T14:34:58 IST" name="teardown" finished-at="2024-05-07T14:34:58 IST" duration-ms="1" status="PASS">
          <reporter-output>
          </reporter-output>
        </test-method> <!-- teardown -->
        <test-method is-config="true" signature="setup()[pri:0, instance:TS_012_CHANGE_PASSWORD.TC_006_CHANGE_PASSWORD_FUNCTIONALITY3@a8ef162]" started-at="2024-05-07T14:34:58 IST" name="setup" finished-at="2024-05-07T14:35:06 IST" duration-ms="7977" status="PASS">
          <reporter-output>
          </reporter-output>
        </test-method> <!-- setup -->
        <test-method signature="validate_change_password_toggle_hide()[pri:0, instance:TS_012_CHANGE_PASSWORD.TC_006_CHANGE_PASSWORD_FUNCTIONALITY3@a8ef162]" started-at="2024-05-07T14:35:06 IST" name="validate_change_password_toggle_hide" finished-at="2024-05-07T14:35:06 IST" duration-ms="4" status="PASS">
          <reporter-output>
            <line>
              <![CDATA[method namevalidate_change_password_toggle_hide]]>
            </line>
            <line>
              <![CDATA[method status1]]>
            </line>
          </reporter-output>
        </test-method> <!-- validate_change_password_toggle_hide -->
        <test-method is-config="true" signature="teardown()[pri:0, instance:TS_012_CHANGE_PASSWORD.TC_006_CHANGE_PASSWORD_FUNCTIONALITY3@a8ef162]" started-at="2024-05-07T14:35:06 IST" name="teardown" finished-at="2024-05-07T14:35:06 IST" duration-ms="2" status="PASS">
          <reporter-output>
          </reporter-output>
        </test-method> <!-- teardown -->
        <test-method is-config="true" signature="setup()[pri:0, instance:TS_012_CHANGE_PASSWORD.TC_006_CHANGE_PASSWORD_FUNCTIONALITY3@a8ef162]" started-at="2024-05-07T14:35:06 IST" name="setup" finished-at="2024-05-07T14:35:12 IST" duration-ms="6340" status="PASS">
          <reporter-output>
          </reporter-output>
        </test-method> <!-- setup -->
        <test-method signature="logging_valid_credentials_TC_LF_001()[pri:0, instance:TS_012_CHANGE_PASSWORD.TC_006_CHANGE_PASSWORD_FUNCTIONALITY3@a8ef162]" started-at="2024-05-07T14:35:12 IST" name="logging_valid_credentials_TC_LF_001" finished-at="2024-05-07T14:35:18 IST" duration-ms="5586" status="PASS">
          <reporter-output>
            <line>
              <![CDATA[method namelogging_valid_credentials_TC_LF_001]]>
            </line>
            <line>
              <![CDATA[method status1]]>
            </line>
          </reporter-output>
        </test-method> <!-- logging_valid_credentials_TC_LF_001 -->
        <test-method is-config="true" signature="teardown()[pri:0, instance:TS_012_CHANGE_PASSWORD.TC_006_CHANGE_PASSWORD_FUNCTIONALITY3@a8ef162]" started-at="2024-05-07T14:35:18 IST" name="teardown" finished-at="2024-05-07T14:35:18 IST" duration-ms="0" status="PASS">
          <reporter-output>
          </reporter-output>
        </test-method> <!-- teardown -->
      </class> <!-- TS_012_CHANGE_PASSWORD.TC_006_CHANGE_PASSWORD_FUNCTIONALITY3 -->
    </test> <!-- Test -->
  </suite> <!-- Suite -->
</testng-results>
