<?xml version="1.0" encoding="UTF-8"?>
<!-- Generated by org.testng.reporters.JUnitXMLReporter -->
<testsuite ignored="0" hostname="DELL" failures="0" tests="10" name="Test" time="50.71" errors="0" timestamp="2024-05-07T16:52:24 IST">
  <testcase classname="TS_018_CONTECT_US.TC_002_CONTECT_US2" name="validate_contect_us_details" time="0.007"/>
  <testcase classname="TS_002_LOGIN_FUNCTIONALITY.TC_LF_001_LOGIN_FUNCTIONALITY" name="logging_valid_credentials_TC_LF_001" time="0.002"/>
  <testcase classname="TS_018_CONTECT_US.TC_005_CONTECT_US3" name="validate_support_env" time="0.004"/>
  <testcase classname="TS_002_LOGIN_FUNCTIONALITY.TC_LF_001_LOGIN_FUNCTIONALITY" name="logging_valid_credentials_TC_LF_001" time="0.001"/>
  <testcase classname="TS_018_CONTECT_US.TC_004_CONTECT_US3" name="validate_ui" time="0.002"/>
  <testcase classname="TS_002_LOGIN_FUNCTIONALITY.TC_LF_001_LOGIN_FUNCTIONALITY" name="logging_valid_credentials_TC_LF_001" time="0.002"/>
  <testcase classname="TS_018_CONTECT_US.TC_003_CONTECT_US3" name="validate_url_title" time="0.002"/>
  <testcase classname="TS_002_LOGIN_FUNCTIONALITY.TC_LF_001_LOGIN_FUNCTIONALITY" name="logging_valid_credentials_TC_LF_001" time="0.002"/>
  <testcase classname="TS_018_CONTECT_US.TC_001_CONTECT_US" name="navigate_to_contect_us" time="0.002"/>
  <testcase classname="TS_002_LOGIN_FUNCTIONALITY.TC_LF_001_LOGIN_FUNCTIONALITY" name="logging_valid_credentials_TC_LF_001" time="0.003"/>
</testsuite> <!-- Test -->
