<?xml version="1.0" encoding="UTF-8"?>
<!-- Generated by org.testng.reporters.JUnitXMLReporter -->
<testsuite ignored="0" hostname="DELL" failures="0" tests="15" name="Test" time="141.363" errors="0" timestamp="2024-05-07T14:37:06 IST">
  <testcase classname="TS_012_CHANGE_PASSWORD.TC_001_CHANGE_PASSWORD_FUNCTIONALITY" name="navigate_to_change_password_page" time="0.01"/>
  <testcase classname="TS_012_CHANGE_PASSWORD.TC_006_CHANGE_PASSWORD_FUNCTIONALITY3" name="validate_change_password_toggle_hide" time="0.004"/>
  <testcase classname="TS_002_LOGIN_FUNCTIONALITY.TC_LF_001_LOGIN_FUNCTIONALITY" name="logging_valid_credentials_TC_LF_001" time="5.586"/>
  <testcase classname="TS_012_CHANGE_PASSWORD.TC_001_CHANGE_PASSWORD_FUNCTIONALITY" name="navigate_to_change_password_page" time="0.002"/>
  <testcase classname="TS_012_CHANGE_PASSWORD.TC_007_CHANGE_PASSWORD_FUNCTIONALITY4" name="validate_change_password_back_button" time="0.001"/>
  <testcase classname="TS_002_LOGIN_FUNCTIONALITY.TC_LF_001_LOGIN_FUNCTIONALITY" name="logging_valid_credentials_TC_LF_001" time="4.511"/>
  <testcase classname="TS_012_CHANGE_PASSWORD.TC_001_CHANGE_PASSWORD_FUNCTIONALITY" name="navigate_to_change_password_page" time="0.001"/>
  <testcase classname="TS_012_CHANGE_PASSWORD.TC_009_CHANGE_PASSWORD_FUNCTIONALITY5" name="Ui_enter_change_password" time="0.006"/>
  <testcase classname="TS_002_LOGIN_FUNCTIONALITY.TC_LF_001_LOGIN_FUNCTIONALITY" name="logging_valid_credentials_TC_LF_001" time="4.375"/>
  <testcase classname="TS_012_CHANGE_PASSWORD.TC_001_CHANGE_PASSWORD_FUNCTIONALITY" name="navigate_to_change_password_page" time="0.002"/>
  <testcase classname="TS_012_CHANGE_PASSWORD.TC_008_CHANGE_PASSWORD_FUNCTIONALITY4" name="validate_title_url" time="0.009"/>
  <testcase classname="TS_002_LOGIN_FUNCTIONALITY.TC_LF_001_LOGIN_FUNCTIONALITY" name="logging_valid_credentials_TC_LF_001" time="10.298"/>
  <testcase classname="TS_012_CHANGE_PASSWORD.TC_001_CHANGE_PASSWORD_FUNCTIONALITY" name="navigate_to_change_password_page" time="0.01"/>
  <testcase classname="TS_012_CHANGE_PASSWORD.TC_010_CHANGE_PASSWORD_FUNCTIONALITY5" name="environment_support_change_password" time="0.011"/>
  <testcase classname="TS_002_LOGIN_FUNCTIONALITY.TC_LF_001_LOGIN_FUNCTIONALITY" name="logging_valid_credentials_TC_LF_001" time="17.081"/>
</testsuite> <!-- Test -->
