<?xml version="1.0" encoding="UTF-8"?>
<testng-results ignored="0" total="10" passed="10" failed="0" skipped="0">
  <reporter-output>
    <line>
      <![CDATA[method namevalidate_contect_us_details]]>
    </line>
    <line>
      <![CDATA[method status1]]>
    </line>
    <line>
      <![CDATA[method namelogging_valid_credentials_TC_LF_001]]>
    </line>
    <line>
      <![CDATA[method status1]]>
    </line>
    <line>
      <![CDATA[method namevalidate_support_env]]>
    </line>
    <line>
      <![CDATA[method status1]]>
    </line>
    <line>
      <![CDATA[method namelogging_valid_credentials_TC_LF_001]]>
    </line>
    <line>
      <![CDATA[method status1]]>
    </line>
    <line>
      <![CDATA[method namevalidate_ui]]>
    </line>
    <line>
      <![CDATA[method status1]]>
    </line>
    <line>
      <![CDATA[method namelogging_valid_credentials_TC_LF_001]]>
    </line>
    <line>
      <![CDATA[method status1]]>
    </line>
    <line>
      <![CDATA[method namevalidate_url_title]]>
    </line>
    <line>
      <![CDATA[method status1]]>
    </line>
    <line>
      <![CDATA[method namelogging_valid_credentials_TC_LF_001]]>
    </line>
    <line>
      <![CDATA[method status1]]>
    </line>
    <line>
      <![CDATA[method namenavigate_to_contect_us]]>
    </line>
    <line>
      <![CDATA[method status1]]>
    </line>
    <line>
      <![CDATA[method namelogging_valid_credentials_TC_LF_001]]>
    </line>
    <line>
      <![CDATA[method status1]]>
    </line>
  </reporter-output>
  <suite started-at="2024-05-07T16:51:33 IST" name="Suite" finished-at="2024-05-07T16:52:24 IST" duration-ms="50710">
    <groups>
    </groups>
    <test started-at="2024-05-07T16:51:33 IST" name="Test" finished-at="2024-05-07T16:52:24 IST" duration-ms="50710">
      <class name="TS_018_CONTECT_US.TC_005_CONTECT_US3">
        <test-method is-config="true" signature="setup()[pri:0, instance:TS_018_CONTECT_US.TC_005_CONTECT_US3@6ca18a14]" started-at="2024-05-07T16:51:43 IST" name="setup" finished-at="2024-05-07T16:51:47 IST" duration-ms="3925" status="PASS">
          <reporter-output>
          </reporter-output>
        </test-method> <!-- setup -->
        <test-method signature="validate_support_env()[pri:0, instance:TS_018_CONTECT_US.TC_005_CONTECT_US3@6ca18a14]" started-at="2024-05-07T16:51:47 IST" name="validate_support_env" finished-at="2024-05-07T16:51:47 IST" duration-ms="4" status="PASS">
          <reporter-output>
            <line>
              <![CDATA[method namevalidate_support_env]]>
            </line>
            <line>
              <![CDATA[method status1]]>
            </line>
          </reporter-output>
        </test-method> <!-- validate_support_env -->
        <test-method is-config="true" signature="teardown()[pri:0, instance:TS_018_CONTECT_US.TC_005_CONTECT_US3@6ca18a14]" started-at="2024-05-07T16:51:47 IST" name="teardown" finished-at="2024-05-07T16:51:47 IST" duration-ms="0" status="PASS">
          <reporter-output>
          </reporter-output>
        </test-method> <!-- teardown -->
        <test-method is-config="true" signature="setup()[pri:0, instance:TS_018_CONTECT_US.TC_005_CONTECT_US3@6ca18a14]" started-at="2024-05-07T16:51:47 IST" name="setup" finished-at="2024-05-07T16:51:54 IST" duration-ms="6916" status="PASS">
          <reporter-output>
          </reporter-output>
        </test-method> <!-- setup -->
        <test-method signature="logging_valid_credentials_TC_LF_001()[pri:0, instance:TS_018_CONTECT_US.TC_005_CONTECT_US3@6ca18a14]" started-at="2024-05-07T16:51:54 IST" name="logging_valid_credentials_TC_LF_001" finished-at="2024-05-07T16:51:54 IST" duration-ms="1" status="PASS">
          <reporter-output>
            <line>
              <![CDATA[method namelogging_valid_credentials_TC_LF_001]]>
            </line>
            <line>
              <![CDATA[method status1]]>
            </line>
          </reporter-output>
        </test-method> <!-- logging_valid_credentials_TC_LF_001 -->
        <test-method is-config="true" signature="teardown()[pri:0, instance:TS_018_CONTECT_US.TC_005_CONTECT_US3@6ca18a14]" started-at="2024-05-07T16:51:54 IST" name="teardown" finished-at="2024-05-07T16:51:54 IST" duration-ms="1" status="PASS">
          <reporter-output>
          </reporter-output>
        </test-method> <!-- teardown -->
      </class> <!-- TS_018_CONTECT_US.TC_005_CONTECT_US3 -->
      <class name="TS_018_CONTECT_US.TC_002_CONTECT_US2">
        <test-method is-config="true" signature="setup()[pri:0, instance:TS_018_CONTECT_US.TC_002_CONTECT_US2@68878f6d]" started-at="2024-05-07T16:51:33 IST" name="setup" finished-at="2024-05-07T16:51:39 IST" duration-ms="5701" status="PASS">
          <reporter-output>
          </reporter-output>
        </test-method> <!-- setup -->
        <test-method signature="validate_contect_us_details()[pri:0, instance:TS_018_CONTECT_US.TC_002_CONTECT_US2@68878f6d]" started-at="2024-05-07T16:51:39 IST" name="validate_contect_us_details" finished-at="2024-05-07T16:51:39 IST" duration-ms="7" status="PASS">
          <reporter-output>
            <line>
              <![CDATA[method namevalidate_contect_us_details]]>
            </line>
            <line>
              <![CDATA[method status1]]>
            </line>
          </reporter-output>
        </test-method> <!-- validate_contect_us_details -->
        <test-method is-config="true" signature="teardown()[pri:0, instance:TS_018_CONTECT_US.TC_002_CONTECT_US2@68878f6d]" started-at="2024-05-07T16:51:39 IST" name="teardown" finished-at="2024-05-07T16:51:39 IST" duration-ms="1" status="PASS">
          <reporter-output>
          </reporter-output>
        </test-method> <!-- teardown -->
        <test-method is-config="true" signature="setup()[pri:0, instance:TS_018_CONTECT_US.TC_002_CONTECT_US2@68878f6d]" started-at="2024-05-07T16:51:39 IST" name="setup" finished-at="2024-05-07T16:51:43 IST" duration-ms="3663" status="PASS">
          <reporter-output>
          </reporter-output>
        </test-method> <!-- setup -->
        <test-method signature="logging_valid_credentials_TC_LF_001()[pri:0, instance:TS_018_CONTECT_US.TC_002_CONTECT_US2@68878f6d]" started-at="2024-05-07T16:51:43 IST" name="logging_valid_credentials_TC_LF_001" finished-at="2024-05-07T16:51:43 IST" duration-ms="2" status="PASS">
          <reporter-output>
            <line>
              <![CDATA[method namelogging_valid_credentials_TC_LF_001]]>
            </line>
            <line>
              <![CDATA[method status1]]>
            </line>
          </reporter-output>
        </test-method> <!-- logging_valid_credentials_TC_LF_001 -->
        <test-method is-config="true" signature="teardown()[pri:0, instance:TS_018_CONTECT_US.TC_002_CONTECT_US2@68878f6d]" started-at="2024-05-07T16:51:43 IST" name="teardown" finished-at="2024-05-07T16:51:43 IST" duration-ms="0" status="PASS">
          <reporter-output>
          </reporter-output>
        </test-method> <!-- teardown -->
      </class> <!-- TS_018_CONTECT_US.TC_002_CONTECT_US2 -->
      <class name="TS_018_CONTECT_US.TC_004_CONTECT_US3">
        <test-method is-config="true" signature="setup()[pri:0, instance:TS_018_CONTECT_US.TC_004_CONTECT_US3@c667f46]" started-at="2024-05-07T16:51:54 IST" name="setup" finished-at="2024-05-07T16:52:00 IST" duration-ms="6628" status="PASS">
          <reporter-output>
          </reporter-output>
        </test-method> <!-- setup -->
        <test-method signature="validate_ui()[pri:0, instance:TS_018_CONTECT_US.TC_004_CONTECT_US3@c667f46]" started-at="2024-05-07T16:52:00 IST" name="validate_ui" finished-at="2024-05-07T16:52:00 IST" duration-ms="2" status="PASS">
          <reporter-output>
            <line>
              <![CDATA[method namevalidate_ui]]>
            </line>
            <line>
              <![CDATA[method status1]]>
            </line>
          </reporter-output>
        </test-method> <!-- validate_ui -->
        <test-method is-config="true" signature="teardown()[pri:0, instance:TS_018_CONTECT_US.TC_004_CONTECT_US3@c667f46]" started-at="2024-05-07T16:52:00 IST" name="teardown" finished-at="2024-05-07T16:52:00 IST" duration-ms="2" status="PASS">
          <reporter-output>
          </reporter-output>
        </test-method> <!-- teardown -->
        <test-method is-config="true" signature="setup()[pri:0, instance:TS_018_CONTECT_US.TC_004_CONTECT_US3@c667f46]" started-at="2024-05-07T16:52:00 IST" name="setup" finished-at="2024-05-07T16:52:02 IST" duration-ms="1686" status="PASS">
          <reporter-output>
          </reporter-output>
        </test-method> <!-- setup -->
        <test-method signature="logging_valid_credentials_TC_LF_001()[pri:0, instance:TS_018_CONTECT_US.TC_004_CONTECT_US3@c667f46]" started-at="2024-05-07T16:52:02 IST" name="logging_valid_credentials_TC_LF_001" finished-at="2024-05-07T16:52:02 IST" duration-ms="2" status="PASS">
          <reporter-output>
            <line>
              <![CDATA[method namelogging_valid_credentials_TC_LF_001]]>
            </line>
            <line>
              <![CDATA[method status1]]>
            </line>
          </reporter-output>
        </test-method> <!-- logging_valid_credentials_TC_LF_001 -->
        <test-method is-config="true" signature="teardown()[pri:0, instance:TS_018_CONTECT_US.TC_004_CONTECT_US3@c667f46]" started-at="2024-05-07T16:52:02 IST" name="teardown" finished-at="2024-05-07T16:52:02 IST" duration-ms="1" status="PASS">
          <reporter-output>
          </reporter-output>
        </test-method> <!-- teardown -->
      </class> <!-- TS_018_CONTECT_US.TC_004_CONTECT_US3 -->
      <class name="TS_018_CONTECT_US.TC_003_CONTECT_US3">
        <test-method is-config="true" signature="setup()[pri:0, instance:TS_018_CONTECT_US.TC_003_CONTECT_US3@51bd8b5c]" started-at="2024-05-07T16:52:02 IST" name="setup" finished-at="2024-05-07T16:52:07 IST" duration-ms="4919" status="PASS">
          <reporter-output>
          </reporter-output>
        </test-method> <!-- setup -->
        <test-method signature="validate_url_title()[pri:0, instance:TS_018_CONTECT_US.TC_003_CONTECT_US3@51bd8b5c]" started-at="2024-05-07T16:52:07 IST" name="validate_url_title" finished-at="2024-05-07T16:52:07 IST" duration-ms="2" status="PASS">
          <reporter-output>
            <line>
              <![CDATA[method namevalidate_url_title]]>
            </line>
            <line>
              <![CDATA[method status1]]>
            </line>
          </reporter-output>
        </test-method> <!-- validate_url_title -->
        <test-method is-config="true" signature="teardown()[pri:0, instance:TS_018_CONTECT_US.TC_003_CONTECT_US3@51bd8b5c]" started-at="2024-05-07T16:52:07 IST" name="teardown" finished-at="2024-05-07T16:52:07 IST" duration-ms="0" status="PASS">
          <reporter-output>
          </reporter-output>
        </test-method> <!-- teardown -->
        <test-method is-config="true" signature="setup()[pri:0, instance:TS_018_CONTECT_US.TC_003_CONTECT_US3@51bd8b5c]" started-at="2024-05-07T16:52:07 IST" name="setup" finished-at="2024-05-07T16:52:13 IST" duration-ms="6237" status="PASS">
          <reporter-output>
          </reporter-output>
        </test-method> <!-- setup -->
        <test-method signature="logging_valid_credentials_TC_LF_001()[pri:0, instance:TS_018_CONTECT_US.TC_003_CONTECT_US3@51bd8b5c]" started-at="2024-05-07T16:52:13 IST" name="logging_valid_credentials_TC_LF_001" finished-at="2024-05-07T16:52:13 IST" duration-ms="2" status="PASS">
          <reporter-output>
            <line>
              <![CDATA[method namelogging_valid_credentials_TC_LF_001]]>
            </line>
            <line>
              <![CDATA[method status1]]>
            </line>
          </reporter-output>
        </test-method> <!-- logging_valid_credentials_TC_LF_001 -->
        <test-method is-config="true" signature="teardown()[pri:0, instance:TS_018_CONTECT_US.TC_003_CONTECT_US3@51bd8b5c]" started-at="2024-05-07T16:52:13 IST" name="teardown" finished-at="2024-05-07T16:52:13 IST" duration-ms="0" status="PASS">
          <reporter-output>
          </reporter-output>
        </test-method> <!-- teardown -->
      </class> <!-- TS_018_CONTECT_US.TC_003_CONTECT_US3 -->
      <class name="TS_018_CONTECT_US.TC_001_CONTECT_US">
        <test-method is-config="true" signature="setup()[pri:0, instance:TS_018_CONTECT_US.TC_001_CONTECT_US@7b50df34]" started-at="2024-05-07T16:52:13 IST" name="setup" finished-at="2024-05-07T16:52:20 IST" duration-ms="6639" status="PASS">
          <reporter-output>
          </reporter-output>
        </test-method> <!-- setup -->
        <test-method signature="navigate_to_contect_us()[pri:0, instance:TS_018_CONTECT_US.TC_001_CONTECT_US@7b50df34]" started-at="2024-05-07T16:52:20 IST" name="navigate_to_contect_us" finished-at="2024-05-07T16:52:20 IST" duration-ms="2" status="PASS">
          <reporter-output>
            <line>
              <![CDATA[method namenavigate_to_contect_us]]>
            </line>
            <line>
              <![CDATA[method status1]]>
            </line>
          </reporter-output>
        </test-method> <!-- navigate_to_contect_us -->
        <test-method is-config="true" signature="teardown()[pri:0, instance:TS_018_CONTECT_US.TC_001_CONTECT_US@7b50df34]" started-at="2024-05-07T16:52:20 IST" name="teardown" finished-at="2024-05-07T16:52:20 IST" duration-ms="1" status="PASS">
          <reporter-output>
          </reporter-output>
        </test-method> <!-- teardown -->
        <test-method is-config="true" signature="setup()[pri:0, instance:TS_018_CONTECT_US.TC_001_CONTECT_US@7b50df34]" started-at="2024-05-07T16:52:20 IST" name="setup" finished-at="2024-05-07T16:52:24 IST" duration-ms="4303" status="PASS">
          <reporter-output>
          </reporter-output>
        </test-method> <!-- setup -->
        <test-method signature="logging_valid_credentials_TC_LF_001()[pri:0, instance:TS_018_CONTECT_US.TC_001_CONTECT_US@7b50df34]" started-at="2024-05-07T16:52:24 IST" name="logging_valid_credentials_TC_LF_001" finished-at="2024-05-07T16:52:24 IST" duration-ms="3" status="PASS">
          <reporter-output>
            <line>
              <![CDATA[method namelogging_valid_credentials_TC_LF_001]]>
            </line>
            <line>
              <![CDATA[method status1]]>
            </line>
          </reporter-output>
        </test-method> <!-- logging_valid_credentials_TC_LF_001 -->
        <test-method is-config="true" signature="teardown()[pri:0, instance:TS_018_CONTECT_US.TC_001_CONTECT_US@7b50df34]" started-at="2024-05-07T16:52:24 IST" name="teardown" finished-at="2024-05-07T16:52:24 IST" duration-ms="1" status="PASS">
          <reporter-output>
          </reporter-output>
        </test-method> <!-- teardown -->
      </class> <!-- TS_018_CONTECT_US.TC_001_CONTECT_US -->
    </test> <!-- Test -->
  </suite> <!-- Suite -->
</testng-results>
