<?xml version="1.0" encoding="UTF-8"?>
<testng-results ignored="0" total="4" passed="3" failed="1" skipped="0">
  <reporter-output>
    <line>
      <![CDATA[method namecheckout_page]]>
    </line>
    <line>
      <![CDATA[method status1]]>
    </line>
    <line>
      <![CDATA[method nameplace_holder_address]]>
    </line>
    <line>
      <![CDATA[method namelogging_valid_credentials_TC_LF_001]]>
    </line>
    <line>
      <![CDATA[method status1]]>
    </line>
    <line>
      <![CDATA[method namevalidate_product_name_price]]>
    </line>
    <line>
      <![CDATA[method status1]]>
    </line>
  </reporter-output>
  <suite started-at="2024-05-07T14:13:24 IST" name="Suite" finished-at="2024-05-07T14:14:31 IST" duration-ms="67213">
    <groups>
    </groups>
    <test started-at="2024-05-07T14:13:24 IST" name="Test" finished-at="2024-05-07T14:14:31 IST" duration-ms="67213">
      <class name="TS_011CHECKOUT_FUNCTIONALITY.TC_CO_005_CHECKOUT_FUNCTIONALITY5">
        <test-method is-config="true" signature="setup()[pri:0, instance:TS_011CHECKOUT_FUNCTIONALITY.TC_CO_005_CHECKOUT_FUNCTIONALITY5@2f01783a]" started-at="2024-05-07T14:13:24 IST" name="setup" finished-at="2024-05-07T14:13:29 IST" duration-ms="4888" status="PASS">
          <reporter-output>
          </reporter-output>
        </test-method> <!-- setup -->
        <test-method signature="checkout_page()[pri:0, instance:TS_011CHECKOUT_FUNCTIONALITY.TC_CO_005_CHECKOUT_FUNCTIONALITY5@2f01783a]" started-at="2024-05-07T14:13:29 IST" name="checkout_page" finished-at="2024-05-07T14:13:48 IST" duration-ms="19220" status="PASS">
          <reporter-output>
            <line>
              <![CDATA[method namecheckout_page]]>
            </line>
            <line>
              <![CDATA[method status1]]>
            </line>
          </reporter-output>
        </test-method> <!-- checkout_page -->
        <test-method is-config="true" signature="teardown()[pri:0, instance:TS_011CHECKOUT_FUNCTIONALITY.TC_CO_005_CHECKOUT_FUNCTIONALITY5@2f01783a]" started-at="2024-05-07T14:13:48 IST" name="teardown" finished-at="2024-05-07T14:13:48 IST" duration-ms="1" status="PASS">
          <reporter-output>
          </reporter-output>
        </test-method> <!-- teardown -->
        <test-method is-config="true" signature="setup()[pri:0, instance:TS_011CHECKOUT_FUNCTIONALITY.TC_CO_005_CHECKOUT_FUNCTIONALITY5@2f01783a]" started-at="2024-05-07T14:13:48 IST" name="setup" finished-at="2024-05-07T14:13:58 IST" duration-ms="9280" status="PASS">
          <reporter-output>
          </reporter-output>
        </test-method> <!-- setup -->
        <test-method signature="place_holder_address()[pri:0, instance:TS_011CHECKOUT_FUNCTIONALITY.TC_CO_005_CHECKOUT_FUNCTIONALITY5@2f01783a]" started-at="2024-05-07T14:13:58 IST" name="place_holder_address" finished-at="2024-05-07T14:14:08 IST" duration-ms="10249" status="FAIL">
          <exception class="org.openqa.selenium.NoSuchElementException">
            <message>
              <![CDATA[no such element: Unable to locate element: {"method":"xpath","selector":"//*[@id="a-autoid-2-announce"]"}
  (Session info: chrome=124.0.6367.119)
For documentation on this error, please visit: https://www.selenium.dev/documentation/webdriver/troubleshooting/errors#no-such-element-exception
Build info: version: '4.19.1', revision: 'abe0ee07dc'
System info: os.name: 'Windows 11', os.arch: 'amd64', os.version: '10.0', java.version: '21.0.2'
Driver info: org.openqa.selenium.chrome.ChromeDriver
Command: [83af1db1c6085904fc218050a5924a4e, findElement {value=//*[@id="a-autoid-2-announce"], using=xpath}]
Capabilities {acceptInsecureCerts: false, browserName: chrome, browserVersion: 124.0.6367.119, chrome: {chromedriverVersion: 124.0.6367.91 (51df0e5e17a8..., userDataDir: C:\Users\amits\AppData\Loca...}, fedcm:accounts: true, goog:chromeOptions: {debuggerAddress: localhost:57527}, networkConnectionEnabled: false, pageLoadStrategy: normal, platformName: windows, proxy: Proxy(), se:cdp: ws://localhost:57527/devtoo..., se:cdpVersion: 124.0.6367.119, setWindowRect: true, strictFileInteractability: false, timeouts: {implicit: 0, pageLoad: 300000, script: 30000}, unhandledPromptBehavior: dismiss and notify, webauthn:extension:credBlob: true, webauthn:extension:largeBlob: true, webauthn:extension:minPinLength: true, webauthn:extension:prf: true, webauthn:virtualAuthenticators: true}
Session ID: 83af1db1c6085904fc218050a5924a4e]]>
            </message>
            <full-stacktrace>
              <![CDATA[org.openqa.selenium.NoSuchElementException: no such element: Unable to locate element: {"method":"xpath","selector":"//*[@id="a-autoid-2-announce"]"}
  (Session info: chrome=124.0.6367.119)
For documentation on this error, please visit: https://www.selenium.dev/documentation/webdriver/troubleshooting/errors#no-such-element-exception
Build info: version: '4.19.1', revision: 'abe0ee07dc'
System info: os.name: 'Windows 11', os.arch: 'amd64', os.version: '10.0', java.version: '21.0.2'
Driver info: org.openqa.selenium.chrome.ChromeDriver
Command: [83af1db1c6085904fc218050a5924a4e, findElement {value=//*[@id="a-autoid-2-announce"], using=xpath}]
Capabilities {acceptInsecureCerts: false, browserName: chrome, browserVersion: 124.0.6367.119, chrome: {chromedriverVersion: 124.0.6367.91 (51df0e5e17a8..., userDataDir: C:\Users\amits\AppData\Loca...}, fedcm:accounts: true, goog:chromeOptions: {debuggerAddress: localhost:57527}, networkConnectionEnabled: false, pageLoadStrategy: normal, platformName: windows, proxy: Proxy(), se:cdp: ws://localhost:57527/devtoo..., se:cdpVersion: 124.0.6367.119, setWindowRect: true, strictFileInteractability: false, timeouts: {implicit: 0, pageLoad: 300000, script: 30000}, unhandledPromptBehavior: dismiss and notify, webauthn:extension:credBlob: true, webauthn:extension:largeBlob: true, webauthn:extension:minPinLength: true, webauthn:extension:prf: true, webauthn:virtualAuthenticators: true}
Session ID: 83af1db1c6085904fc218050a5924a4e
at java.base/jdk.internal.reflect.DirectConstructorHandleAccessor.newInstance(DirectConstructorHandleAccessor.java:62)
at java.base/java.lang.reflect.Constructor.newInstanceWithCaller(Constructor.java:502)
at java.base/java.lang.reflect.Constructor.newInstance(Constructor.java:486)
at org.openqa.selenium.remote.ErrorCodec.decode(ErrorCodec.java:167)
at org.openqa.selenium.remote.codec.w3c.W3CHttpResponseCodec.decode(W3CHttpResponseCodec.java:138)
at org.openqa.selenium.remote.codec.w3c.W3CHttpResponseCodec.decode(W3CHttpResponseCodec.java:50)
at org.openqa.selenium.remote.HttpCommandExecutor.execute(HttpCommandExecutor.java:190)
at org.openqa.selenium.remote.service.DriverCommandExecutor.invokeExecute(DriverCommandExecutor.java:216)
at org.openqa.selenium.remote.service.DriverCommandExecutor.execute(DriverCommandExecutor.java:174)
at org.openqa.selenium.remote.RemoteWebDriver.execute(RemoteWebDriver.java:518)
at org.openqa.selenium.remote.ElementLocation$ElementFinder$2.findElement(ElementLocation.java:165)
at org.openqa.selenium.remote.ElementLocation.findElement(ElementLocation.java:59)
at org.openqa.selenium.remote.RemoteWebDriver.findElement(RemoteWebDriver.java:355)
at org.openqa.selenium.remote.RemoteWebDriver.findElement(RemoteWebDriver.java:349)
at TS_008_ADD_TO_CART_FUNCTIONALITY.TC_ATC_001_ADD_TO_CART_FUNCTIONALITY.display_page(TC_ATC_001_ADD_TO_CART_FUNCTIONALITY.java:32)
at TS_008_ADD_TO_CART_FUNCTIONALITY.TC_ATC_001_ADD_TO_CART_FUNCTIONALITY.click_on_addtocart(TC_ATC_001_ADD_TO_CART_FUNCTIONALITY.java:39)
at TS_008_ADD_TO_CART_FUNCTIONALITY.TC_ATC_001_ADD_TO_CART_FUNCTIONALITY.checkout_page(TC_ATC_001_ADD_TO_CART_FUNCTIONALITY.java:70)
at TS_011CHECKOUT_FUNCTIONALITY.TC_CO_005_CHECKOUT_FUNCTIONALITY5.place_holder_address(TC_CO_005_CHECKOUT_FUNCTIONALITY5.java:15)
at java.base/jdk.internal.reflect.DirectMethodHandleAccessor.invoke(DirectMethodHandleAccessor.java:103)
at java.base/java.lang.reflect.Method.invoke(Method.java:580)
at org.testng.internal.MethodInvocationHelper.invokeMethod(MethodInvocationHelper.java:133)
at org.testng.internal.TestInvoker.invokeMethod(TestInvoker.java:598)
at org.testng.internal.TestInvoker.invokeTestMethod(TestInvoker.java:173)
at org.testng.internal.MethodRunner.runInSequence(MethodRunner.java:46)
at org.testng.internal.TestInvoker$MethodInvocationAgent.invoke(TestInvoker.java:824)
at org.testng.internal.TestInvoker.invokeTestMethods(TestInvoker.java:146)
at org.testng.internal.TestMethodWorker.invokeTestMethods(TestMethodWorker.java:146)
at org.testng.internal.TestMethodWorker.run(TestMethodWorker.java:128)
at java.base/java.util.ArrayList.forEach(ArrayList.java:1596)
at org.testng.TestRunner.privateRun(TestRunner.java:794)
at org.testng.TestRunner.run(TestRunner.java:596)
at org.testng.SuiteRunner.runTest(SuiteRunner.java:377)
at org.testng.SuiteRunner.runSequentially(SuiteRunner.java:371)
at org.testng.SuiteRunner.privateRun(SuiteRunner.java:332)
at org.testng.SuiteRunner.run(SuiteRunner.java:276)
at org.testng.SuiteRunnerWorker.runSuite(SuiteRunnerWorker.java:53)
at org.testng.SuiteRunnerWorker.run(SuiteRunnerWorker.java:96)
at org.testng.TestNG.runSuitesSequentially(TestNG.java:1212)
at org.testng.TestNG.runSuitesLocally(TestNG.java:1134)
at org.testng.TestNG.runSuites(TestNG.java:1063)
at org.testng.TestNG.run(TestNG.java:1031)
at org.testng.remote.AbstractRemoteTestNG.run(AbstractRemoteTestNG.java:115)
at org.testng.remote.RemoteTestNG.initAndRun(RemoteTestNG.java:251)
at org.testng.remote.RemoteTestNG.main(RemoteTestNG.java:77)
]]>
            </full-stacktrace>
          </exception> <!-- org.openqa.selenium.NoSuchElementException -->
          <reporter-output>
            <line>
              <![CDATA[method nameplace_holder_address]]>
            </line>
          </reporter-output>
        </test-method> <!-- place_holder_address -->
        <test-method is-config="true" signature="setup()[pri:0, instance:TS_011CHECKOUT_FUNCTIONALITY.TC_CO_005_CHECKOUT_FUNCTIONALITY5@2f01783a]" started-at="2024-05-07T14:14:08 IST" name="setup" finished-at="2024-05-07T14:14:12 IST" duration-ms="3564" status="PASS">
          <reporter-output>
          </reporter-output>
        </test-method> <!-- setup -->
        <test-method is-config="true" signature="teardown()[pri:0, instance:TS_011CHECKOUT_FUNCTIONALITY.TC_CO_005_CHECKOUT_FUNCTIONALITY5@2f01783a]" started-at="2024-05-07T14:14:08 IST" name="teardown" finished-at="2024-05-07T14:14:08 IST" duration-ms="0" status="PASS">
          <reporter-output>
          </reporter-output>
        </test-method> <!-- teardown -->
        <test-method signature="logging_valid_credentials_TC_LF_001()[pri:0, instance:TS_011CHECKOUT_FUNCTIONALITY.TC_CO_005_CHECKOUT_FUNCTIONALITY5@2f01783a]" started-at="2024-05-07T14:14:12 IST" name="logging_valid_credentials_TC_LF_001" finished-at="2024-05-07T14:14:15 IST" duration-ms="3224" status="PASS">
          <reporter-output>
            <line>
              <![CDATA[method namelogging_valid_credentials_TC_LF_001]]>
            </line>
            <line>
              <![CDATA[method status1]]>
            </line>
          </reporter-output>
        </test-method> <!-- logging_valid_credentials_TC_LF_001 -->
        <test-method is-config="true" signature="setup()[pri:0, instance:TS_011CHECKOUT_FUNCTIONALITY.TC_CO_005_CHECKOUT_FUNCTIONALITY5@2f01783a]" started-at="2024-05-07T14:14:15 IST" name="setup" finished-at="2024-05-07T14:14:19 IST" duration-ms="4143" status="PASS">
          <reporter-output>
          </reporter-output>
        </test-method> <!-- setup -->
        <test-method is-config="true" signature="teardown()[pri:0, instance:TS_011CHECKOUT_FUNCTIONALITY.TC_CO_005_CHECKOUT_FUNCTIONALITY5@2f01783a]" started-at="2024-05-07T14:14:15 IST" name="teardown" finished-at="2024-05-07T14:14:15 IST" duration-ms="0" status="PASS">
          <reporter-output>
          </reporter-output>
        </test-method> <!-- teardown -->
        <test-method signature="validate_product_name_price()[pri:0, instance:TS_011CHECKOUT_FUNCTIONALITY.TC_CO_005_CHECKOUT_FUNCTIONALITY5@2f01783a]" started-at="2024-05-07T14:14:19 IST" name="validate_product_name_price" finished-at="2024-05-07T14:14:31 IST" duration-ms="12243" status="PASS">
          <reporter-output>
            <line>
              <![CDATA[method namevalidate_product_name_price]]>
            </line>
            <line>
              <![CDATA[method status1]]>
            </line>
          </reporter-output>
        </test-method> <!-- validate_product_name_price -->
        <test-method is-config="true" signature="teardown()[pri:0, instance:TS_011CHECKOUT_FUNCTIONALITY.TC_CO_005_CHECKOUT_FUNCTIONALITY5@2f01783a]" started-at="2024-05-07T14:14:31 IST" name="teardown" finished-at="2024-05-07T14:14:31 IST" duration-ms="0" status="PASS">
          <reporter-output>
          </reporter-output>
        </test-method> <!-- teardown -->
      </class> <!-- TS_011CHECKOUT_FUNCTIONALITY.TC_CO_005_CHECKOUT_FUNCTIONALITY5 -->
    </test> <!-- Test -->
  </suite> <!-- Suite -->
</testng-results>
