<?xml version="1.0" encoding="UTF-8"?>
<!-- Generated by org.testng.reporters.JUnitXMLReporter -->
<testsuite ignored="0" hostname="DELL" failures="0" tests="14" name="Test" time="101.94" errors="0" timestamp="2024-05-07T16:36:18 IST">
  <testcase classname="TS_002_LOGIN_FUNCTIONALITY.TC_LF_001_LOGIN_FUNCTIONALITY" name="logging_valid_credentials_TC_LF_001" time="0.011"/>
  <testcase classname="TS_016_ORDER_INFORMATION.TS_OHI__016_003_ORDER_INFORMATION3" name="validate_to_return_order" time="0.002"/>
  <testcase classname="TS_002_LOGIN_FUNCTIONALITY.TC_LF_001_LOGIN_FUNCTIONALITY" name="logging_valid_credentials_TC_LF_001" time="0.002"/>
  <testcase classname="TS_015_ORDER_HISTORY.TS_015_003_ORDER_HISTORY3" name="order_DISPLAYED_002" time="0.004"/>
  <testcase classname="TS_016_ORDER_INFORMATION.TS_OHI__016_002_ORDER_INFORMATION2" name="validate_to_order_again" time="0.002"/>
  <testcase classname="TS_002_LOGIN_FUNCTIONALITY.TC_LF_001_LOGIN_FUNCTIONALITY" name="logging_valid_credentials_TC_LF_001" time="0.004"/>
  <testcase classname="TS_015_ORDER_HISTORY.TS_015_003_ORDER_HISTORY3" name="order_DISPLAYED_002" time="0.002"/>
  <testcase classname="TS_016_ORDER_INFORMATION.TS_OHI__016_001_ORDER_INFORMATION" name="navigate_to_order_info" time="0.003"/>
  <testcase classname="TS_002_LOGIN_FUNCTIONALITY.TC_LF_001_LOGIN_FUNCTIONALITY" name="logging_valid_credentials_TC_LF_001" time="0.007"/>
  <testcase classname="TS_016_ORDER_INFORMATION.TS_OHI__016_006_ORDER_INFORMATION6" name="validate_supported_env" time="0.003"/>
  <testcase classname="TS_002_LOGIN_FUNCTIONALITY.TC_LF_001_LOGIN_FUNCTIONALITY" name="logging_valid_credentials_TC_LF_001" time="0.003"/>
  <testcase classname="TS_016_ORDER_INFORMATION.TS_OHI__016_004_ORDER_INFORMATION4" name="validate_title_url" time="0.002"/>
  <testcase classname="TS_002_LOGIN_FUNCTIONALITY.TC_LF_001_LOGIN_FUNCTIONALITY" name="logging_valid_credentials_TC_LF_001" time="0.001"/>
  <testcase classname="TS_016_ORDER_INFORMATION.TS_OHI__016_005_ORDER_INFORMATION5" name="validate_ui" time="0.001"/>
</testsuite> <!-- Test -->
