<?xml version="1.0" encoding="UTF-8"?>
<!-- Generated by org.testng.reporters.JUnitXMLReporter -->
<testsuite ignored="3" hostname="DELL" failures="0" tests="1" name="Default test" time="24.497" errors="0" timestamp="2024-05-07T08:44:37 IST">
  <testcase classname="TS_010_SHOPPING_CART_FUNCTIONALITY.TC_SC_006_SHOPPINGCART_FUNCTIONALITY4" name="Validate_update_negative_Quantity_of_product" time="18.391"/>
  <testcase classname="TS_010_SHOPPING_CART_FUNCTIONALITY.TC_SC_001_SHOPPINGCART_FUNCTIONALITY" name="success_message_to_shoppingCart" time="0.0">
    <ignored/>
  </testcase> <!-- success_message_to_shoppingCart -->
  <testcase classname="TS_007_PRODUCT_DISPLAY_PAGE.TC_PDP_001_PRODUCT_DISPLAY_PAGE" name="validate_product_name_price" time="0.0">
    <ignored/>
  </testcase> <!-- validate_product_name_price -->
  <testcase classname="TS_002_LOGIN_FUNCTIONALITY.TC_LF_001_LOGIN_FUNCTIONALITY" name="logging_valid_credentials_TC_LF_001" time="0.0">
    <ignored/>
  </testcase> <!-- logging_valid_credentials_TC_LF_001 -->
</testsuite> <!-- Default test -->
