<?xml version="1.0" encoding="UTF-8"?>
<!-- Generated by org.testng.reporters.JUnitXMLReporter -->
<testsuite ignored="0" hostname="DELL" failures="0" tests="27" name="Test" time="315.362" errors="0" timestamp="2024-05-07T15:11:06 IST">
  <testcase classname="TS_011CHECKOUT_FUNCTIONALITY.TC_CO_003_CHECKOUT_FUNCTIONALITY3" name="existing_address_checkout" time="0.008"/>
  <testcase classname="TS_002_LOGIN_FUNCTIONALITY.TC_LF_001_LOGIN_FUNCTIONALITY" name="logging_valid_credentials_TC_LF_001" time="0.091"/>
  <testcase classname="TS_013_MY_ACCOUNT.TC_MA_004_MY_ACCOUNT2" name="ui_interface_tc_ma_004" time="0.001"/>
  <testcase classname="TS_007_PRODUCT_DISPLAY_PAGE.TC_PDP_001_PRODUCT_DISPLAY_PAGE" name="validate_product_name_price" time="7.174"/>
  <testcase classname="TS_010_SHOPPING_CART_FUNCTIONALITY.TC_SC_001_SHOPPINGCART_FUNCTIONALITY" name="success_message_to_shoppingCart" time="0.004"/>
  <testcase classname="TS_010_SHOPPING_CART_FUNCTIONALITY.TC_SC_009_SHOPPINGCART_FUNCTIONALITY3" name="Validate_shopping_cart_to_checkout" time="0.003"/>
  <testcase classname="TS_011CHECKOUT_FUNCTIONALITY.TC_CO_003_CHECKOUT_FUNCTIONALITY3" name="existing_address_checkout" time="0.005"/>
  <testcase classname="TS_002_LOGIN_FUNCTIONALITY.TC_LF_001_LOGIN_FUNCTIONALITY" name="logging_valid_credentials_TC_LF_001" time="4.652"/>
  <testcase classname="TS_013_MY_ACCOUNT.TC_MA_001_MY_ACCOUNT" name="navigate_checkout_to_my_account" time="0.003"/>
  <testcase classname="TS_007_PRODUCT_DISPLAY_PAGE.TC_PDP_001_PRODUCT_DISPLAY_PAGE" name="validate_product_name_price" time="10.734"/>
  <testcase classname="TS_010_SHOPPING_CART_FUNCTIONALITY.TC_SC_001_SHOPPINGCART_FUNCTIONALITY" name="success_message_to_shoppingCart" time="0.007"/>
  <testcase classname="TS_010_SHOPPING_CART_FUNCTIONALITY.TC_SC_009_SHOPPINGCART_FUNCTIONALITY3" name="Validate_shopping_cart_to_checkout" time="0.006"/>
  <testcase classname="TS_011CHECKOUT_FUNCTIONALITY.TC_CO_003_CHECKOUT_FUNCTIONALITY3" name="existing_address_checkout" time="0.004"/>
  <testcase classname="TS_002_LOGIN_FUNCTIONALITY.TC_LF_001_LOGIN_FUNCTIONALITY" name="logging_valid_credentials_TC_LF_001" time="0.213"/>
  <testcase classname="TS_013_MY_ACCOUNT.TC_MA_001_MY_ACCOUNT" name="navigate_checkout_to_my_account" time="0.002"/>
  <testcase classname="TS_013_MY_ACCOUNT.TC_MA_003_MY_ACCOUNT2" name="validate_title_url" time="0.275"/>
  <testcase classname="TS_007_PRODUCT_DISPLAY_PAGE.TC_PDP_001_PRODUCT_DISPLAY_PAGE" name="validate_product_name_price" time="9.412"/>
  <testcase classname="TS_010_SHOPPING_CART_FUNCTIONALITY.TC_SC_001_SHOPPINGCART_FUNCTIONALITY" name="success_message_to_shoppingCart" time="0.073"/>
  <testcase classname="TS_010_SHOPPING_CART_FUNCTIONALITY.TC_SC_009_SHOPPINGCART_FUNCTIONALITY3" name="Validate_shopping_cart_to_checkout" time="0.141"/>
  <testcase classname="TS_002_LOGIN_FUNCTIONALITY.TC_LF_002_LOGIN_FUNCTIONALITY2" name="logging_invalid_credentials_TC_LF_002" time="8.994"/>
  <testcase classname="TS_013_MY_ACCOUNT.TC_MA_002_MY_ACCOUNT2" name="navigate_tologin_from_my_account" time="13.019"/>
  <testcase classname="TS_011CHECKOUT_FUNCTIONALITY.TC_CO_003_CHECKOUT_FUNCTIONALITY3" name="existing_address_checkout" time="0.002"/>
  <testcase classname="TS_002_LOGIN_FUNCTIONALITY.TC_LF_001_LOGIN_FUNCTIONALITY" name="logging_valid_credentials_TC_LF_001" time="6.569"/>
  <testcase classname="TS_013_MY_ACCOUNT.TC_MA_005_MY_ACCOUNT3" name="supported_env_tc_ma_004" time="0.04"/>
  <testcase classname="TS_007_PRODUCT_DISPLAY_PAGE.TC_PDP_001_PRODUCT_DISPLAY_PAGE" name="validate_product_name_price" time="17.236"/>
  <testcase classname="TS_010_SHOPPING_CART_FUNCTIONALITY.TC_SC_001_SHOPPINGCART_FUNCTIONALITY" name="success_message_to_shoppingCart" time="0.057"/>
  <testcase classname="TS_010_SHOPPING_CART_FUNCTIONALITY.TC_SC_009_SHOPPINGCART_FUNCTIONALITY3" name="Validate_shopping_cart_to_checkout" time="0.261"/>
</testsuite> <!-- Test -->
