<?xml version="1.0" encoding="UTF-8"?>
<testng-results ignored="0" total="4" passed="4" failed="0" skipped="0">
  <reporter-output>
    <line>
      <![CDATA[method namelogging_valid_credentials_TC_LF_001]]>
    </line>
    <line>
      <![CDATA[method status1]]>
    </line>
    <line>
      <![CDATA[method namevalidate_product_name_price]]>
    </line>
    <line>
      <![CDATA[method status1]]>
    </line>
    <line>
      <![CDATA[method namesuccess_message_to_shoppingCart]]>
    </line>
    <line>
      <![CDATA[method status1]]>
    </line>
    <line>
      <![CDATA[method nameValidate_update_negative_qty_of_product]]>
    </line>
    <line>
      <![CDATA[method status1]]>
    </line>
  </reporter-output>
  <suite started-at="2024-05-07T10:43:33 IST" name="Suite" finished-at="2024-05-07T10:44:38 IST" duration-ms="65675">
    <groups>
    </groups>
    <test started-at="2024-05-07T10:43:33 IST" name="Test" finished-at="2024-05-07T10:44:38 IST" duration-ms="65675">
      <class name="TS_010_SHOPPING_CART_FUNCTIONALITY.TC_SC_007_SHOPPINGCART_FUNCTIONALITY6">
        <test-method is-config="true" signature="setup()[pri:0, instance:TS_010_SHOPPING_CART_FUNCTIONALITY.TC_SC_007_SHOPPINGCART_FUNCTIONALITY6@68746f22]" started-at="2024-05-07T10:43:33 IST" name="setup" finished-at="2024-05-07T10:43:38 IST" duration-ms="5461" status="PASS">
          <reporter-output>
          </reporter-output>
        </test-method> <!-- setup -->
        <test-method signature="logging_valid_credentials_TC_LF_001()[pri:0, instance:TS_010_SHOPPING_CART_FUNCTIONALITY.TC_SC_007_SHOPPINGCART_FUNCTIONALITY6@68746f22]" started-at="2024-05-07T10:43:38 IST" name="logging_valid_credentials_TC_LF_001" finished-at="2024-05-07T10:43:40 IST" duration-ms="2334" status="PASS">
          <reporter-output>
            <line>
              <![CDATA[method namelogging_valid_credentials_TC_LF_001]]>
            </line>
            <line>
              <![CDATA[method status1]]>
            </line>
          </reporter-output>
        </test-method> <!-- logging_valid_credentials_TC_LF_001 -->
        <test-method is-config="true" signature="teardown()[pri:0, instance:TS_010_SHOPPING_CART_FUNCTIONALITY.TC_SC_007_SHOPPINGCART_FUNCTIONALITY6@68746f22]" started-at="2024-05-07T10:43:40 IST" name="teardown" finished-at="2024-05-07T10:43:40 IST" duration-ms="1" status="PASS">
          <reporter-output>
          </reporter-output>
        </test-method> <!-- teardown -->
        <test-method is-config="true" signature="setup()[pri:0, instance:TS_010_SHOPPING_CART_FUNCTIONALITY.TC_SC_007_SHOPPINGCART_FUNCTIONALITY6@68746f22]" started-at="2024-05-07T10:43:40 IST" name="setup" finished-at="2024-05-07T10:43:45 IST" duration-ms="4824" status="PASS">
          <reporter-output>
          </reporter-output>
        </test-method> <!-- setup -->
        <test-method signature="validate_product_name_price()[pri:0, instance:TS_010_SHOPPING_CART_FUNCTIONALITY.TC_SC_007_SHOPPINGCART_FUNCTIONALITY6@68746f22]" started-at="2024-05-07T10:43:45 IST" name="validate_product_name_price" finished-at="2024-05-07T10:43:55 IST" duration-ms="9506" status="PASS">
          <reporter-output>
            <line>
              <![CDATA[method namevalidate_product_name_price]]>
            </line>
            <line>
              <![CDATA[method status1]]>
            </line>
          </reporter-output>
        </test-method> <!-- validate_product_name_price -->
        <test-method is-config="true" signature="teardown()[pri:0, instance:TS_010_SHOPPING_CART_FUNCTIONALITY.TC_SC_007_SHOPPINGCART_FUNCTIONALITY6@68746f22]" started-at="2024-05-07T10:43:55 IST" name="teardown" finished-at="2024-05-07T10:43:55 IST" duration-ms="0" status="PASS">
          <reporter-output>
          </reporter-output>
        </test-method> <!-- teardown -->
        <test-method is-config="true" signature="setup()[pri:0, instance:TS_010_SHOPPING_CART_FUNCTIONALITY.TC_SC_007_SHOPPINGCART_FUNCTIONALITY6@68746f22]" started-at="2024-05-07T10:43:55 IST" name="setup" finished-at="2024-05-07T10:43:58 IST" duration-ms="3521" status="PASS">
          <reporter-output>
          </reporter-output>
        </test-method> <!-- setup -->
        <test-method signature="success_message_to_shoppingCart()[pri:0, instance:TS_010_SHOPPING_CART_FUNCTIONALITY.TC_SC_007_SHOPPINGCART_FUNCTIONALITY6@68746f22]" started-at="2024-05-07T10:43:58 IST" name="success_message_to_shoppingCart" finished-at="2024-05-07T10:44:16 IST" duration-ms="17713" status="PASS">
          <reporter-output>
            <line>
              <![CDATA[method namesuccess_message_to_shoppingCart]]>
            </line>
            <line>
              <![CDATA[method status1]]>
            </line>
          </reporter-output>
        </test-method> <!-- success_message_to_shoppingCart -->
        <test-method is-config="true" signature="teardown()[pri:0, instance:TS_010_SHOPPING_CART_FUNCTIONALITY.TC_SC_007_SHOPPINGCART_FUNCTIONALITY6@68746f22]" started-at="2024-05-07T10:44:16 IST" name="teardown" finished-at="2024-05-07T10:44:16 IST" duration-ms="0" status="PASS">
          <reporter-output>
          </reporter-output>
        </test-method> <!-- teardown -->
        <test-method is-config="true" signature="setup()[pri:0, instance:TS_010_SHOPPING_CART_FUNCTIONALITY.TC_SC_007_SHOPPINGCART_FUNCTIONALITY6@68746f22]" started-at="2024-05-07T10:44:16 IST" name="setup" finished-at="2024-05-07T10:44:18 IST" duration-ms="1740" status="PASS">
          <reporter-output>
          </reporter-output>
        </test-method> <!-- setup -->
        <test-method signature="Validate_update_negative_qty_of_product()[pri:0, instance:TS_010_SHOPPING_CART_FUNCTIONALITY.TC_SC_007_SHOPPINGCART_FUNCTIONALITY6@68746f22]" started-at="2024-05-07T10:44:18 IST" name="Validate_update_negative_qty_of_product" finished-at="2024-05-07T10:44:38 IST" duration-ms="20538" status="PASS">
          <reporter-output>
            <line>
              <![CDATA[method nameValidate_update_negative_qty_of_product]]>
            </line>
            <line>
              <![CDATA[method status1]]>
            </line>
          </reporter-output>
        </test-method> <!-- Validate_update_negative_qty_of_product -->
        <test-method is-config="true" signature="teardown()[pri:0, instance:TS_010_SHOPPING_CART_FUNCTIONALITY.TC_SC_007_SHOPPINGCART_FUNCTIONALITY6@68746f22]" started-at="2024-05-07T10:44:38 IST" name="teardown" finished-at="2024-05-07T10:44:38 IST" duration-ms="1" status="PASS">
          <reporter-output>
          </reporter-output>
        </test-method> <!-- teardown -->
      </class> <!-- TS_010_SHOPPING_CART_FUNCTIONALITY.TC_SC_007_SHOPPINGCART_FUNCTIONALITY6 -->
    </test> <!-- Test -->
  </suite> <!-- Suite -->
</testng-results>
